2012-09-11 12:38:16 Error: [MissingControllerException] Controller class Index.phpController could not be found.
#0 C:\xampp\htdocs\cake\app\webroot\index.php(92): Dispatcher->dispatch(Object(CakeRequest), Object(CakeResponse))
#1 {main}
2012-09-11 12:51:59 Error: [MissingControllerException] Controller class PostsController could not be found.
#0 C:\xampp\htdocs\cake\app\webroot\index.php(92): Dispatcher->dispatch(Object(CakeRequest), Object(CakeResponse))
#1 {main}
2012-09-11 12:52:03 Error: [MissingControllerException] Controller class PostController could not be found.
#0 C:\xampp\htdocs\cake\app\webroot\index.php(92): Dispatcher->dispatch(Object(CakeRequest), Object(CakeResponse))
#1 {main}
2012-09-11 12:52:10 Error: [MissingControllerException] Controller class HelloWorldController could not be found.
#0 C:\xampp\htdocs\cake\app\webroot\index.php(92): Dispatcher->dispatch(Object(CakeRequest), Object(CakeResponse))
#1 {main}
2012-09-11 12:52:38 Error: [MissingControllerException] Controller class PostController could not be found.
#0 C:\xampp\htdocs\cake\app\webroot\index.php(92): Dispatcher->dispatch(Object(CakeRequest), Object(CakeResponse))
#1 {main}
2012-09-11 12:52:41 Error: [MissingControllerException] Controller class PostsController could not be found.
#0 C:\xampp\htdocs\cake\app\webroot\index.php(92): Dispatcher->dispatch(Object(CakeRequest), Object(CakeResponse))
#1 {main}
2012-09-11 12:53:30 Error: Fatal Error (4): syntax error, unexpected T_VARIABLE, expecting T_FUNCTION in [C:\xampp\htdocs\cake\app\Controller\PostsController.php, line 5]
2012-09-11 12:53:30 Error: [FatalErrorException] syntax error, unexpected T_VARIABLE, expecting T_FUNCTION
#0 C:\xampp\htdocs\cake\lib\Cake\Error\ErrorHandler.php(162): ErrorHandler::handleFatalError(4, 'syntax error, u...', 'C:\xampp\htdocs...', 5)
#1 [internal function]: ErrorHandler::handleError(4, 'syntax error, u...', 'C:\xampp\htdocs...', 5, Array)
#2 C:\xampp\htdocs\cake\lib\Cake\Core\App.php(926): call_user_func('ErrorHandler::h...', 4, 'syntax error, u...', 'C:\xampp\htdocs...', 5, Array)
#3 C:\xampp\htdocs\cake\lib\Cake\Core\App.php(899): App::_checkFatalError()
#4 [internal function]: App::shutdown()
#5 {main}
2012-09-11 12:53:31 Error: Fatal Error (4): syntax error, unexpected T_VARIABLE, expecting T_FUNCTION in [C:\xampp\htdocs\cake\app\Controller\PostsController.php, line 5]
2012-09-11 12:53:31 Error: [FatalErrorException] syntax error, unexpected T_VARIABLE, expecting T_FUNCTION
#0 C:\xampp\htdocs\cake\lib\Cake\Error\ErrorHandler.php(162): ErrorHandler::handleFatalError(4, 'syntax error, u...', 'C:\xampp\htdocs...', 5)
#1 [internal function]: ErrorHandler::handleError(4, 'syntax error, u...', 'C:\xampp\htdocs...', 5, Array)
#2 C:\xampp\htdocs\cake\lib\Cake\Core\App.php(926): call_user_func('ErrorHandler::h...', 4, 'syntax error, u...', 'C:\xampp\htdocs...', 5, Array)
#3 C:\xampp\htdocs\cake\lib\Cake\Core\App.php(899): App::_checkFatalError()
#4 [internal function]: App::shutdown()
#5 {main}
2012-09-11 12:54:00 Error: [MissingControllerException] Controller class PostsController could not be found.
#0 C:\xampp\htdocs\cake\app\webroot\index.php(92): Dispatcher->dispatch(Object(CakeRequest), Object(CakeResponse))
#1 {main}
2012-09-11 12:54:27 Error: [MissingControllerException] Controller class PostsController could not be found.
#0 C:\xampp\htdocs\cake\app\webroot\index.php(92): Dispatcher->dispatch(Object(CakeRequest), Object(CakeResponse))
#1 {main}
2012-09-11 12:54:54 Error: Fatal Error (4): syntax error, unexpected T_VARIABLE, expecting T_FUNCTION in [C:\xampp\htdocs\cake\app\Controller\PostsController.php, line 5]
2012-09-11 12:54:54 Error: [FatalErrorException] syntax error, unexpected T_VARIABLE, expecting T_FUNCTION
#0 C:\xampp\htdocs\cake\lib\Cake\Error\ErrorHandler.php(162): ErrorHandler::handleFatalError(4, 'syntax error, u...', 'C:\xampp\htdocs...', 5)
#1 [internal function]: ErrorHandler::handleError(4, 'syntax error, u...', 'C:\xampp\htdocs...', 5, Array)
#2 C:\xampp\htdocs\cake\lib\Cake\Core\App.php(926): call_user_func('ErrorHandler::h...', 4, 'syntax error, u...', 'C:\xampp\htdocs...', 5, Array)
#3 C:\xampp\htdocs\cake\lib\Cake\Core\App.php(899): App::_checkFatalError()
#4 [internal function]: App::shutdown()
#5 {main}
2012-09-11 12:57:40 Error: Fatal Error (1): Call to a member function init() on a non-object in [C:\xampp\htdocs\cake\lib\Cake\Controller\Controller.php, line 635]
2012-09-11 12:57:40 Error: [FatalErrorException] Call to a member function init() on a non-object
#0 C:\xampp\htdocs\cake\lib\Cake\Error\ErrorHandler.php(162): ErrorHandler::handleFatalError(1, 'Call to a membe...', 'C:\xampp\htdocs...', 635)
#1 [internal function]: ErrorHandler::handleError(1, 'Call to a membe...', 'C:\xampp\htdocs...', 635, Array)
#2 C:\xampp\htdocs\cake\lib\Cake\Core\App.php(926): call_user_func('ErrorHandler::h...', 1, 'Call to a membe...', 'C:\xampp\htdocs...', 635, Array)
#3 C:\xampp\htdocs\cake\lib\Cake\Core\App.php(899): App::_checkFatalError()
#4 [internal function]: App::shutdown()
#5 {main}
2012-09-11 12:57:45 Error: Fatal Error (1): Call to a member function init() on a non-object in [C:\xampp\htdocs\cake\lib\Cake\Controller\Controller.php, line 635]
2012-09-11 12:57:45 Error: [FatalErrorException] Call to a member function init() on a non-object
#0 C:\xampp\htdocs\cake\lib\Cake\Error\ErrorHandler.php(162): ErrorHandler::handleFatalError(1, 'Call to a membe...', 'C:\xampp\htdocs...', 635)
#1 [internal function]: ErrorHandler::handleError(1, 'Call to a membe...', 'C:\xampp\htdocs...', 635, Array)
#2 C:\xampp\htdocs\cake\lib\Cake\Core\App.php(926): call_user_func('ErrorHandler::h...', 1, 'Call to a membe...', 'C:\xampp\htdocs...', 635, Array)
#3 C:\xampp\htdocs\cake\lib\Cake\Core\App.php(899): App::_checkFatalError()
#4 [internal function]: App::shutdown()
#5 {main}
2012-09-11 12:57:45 Error: Fatal Error (1): Call to a member function init() on a non-object in [C:\xampp\htdocs\cake\lib\Cake\Controller\Controller.php, line 635]
2012-09-11 12:57:45 Error: [FatalErrorException] Call to a member function init() on a non-object
#0 C:\xampp\htdocs\cake\lib\Cake\Error\ErrorHandler.php(162): ErrorHandler::handleFatalError(1, 'Call to a membe...', 'C:\xampp\htdocs...', 635)
#1 [internal function]: ErrorHandler::handleError(1, 'Call to a membe...', 'C:\xampp\htdocs...', 635, Array)
#2 C:\xampp\htdocs\cake\lib\Cake\Core\App.php(926): call_user_func('ErrorHandler::h...', 1, 'Call to a membe...', 'C:\xampp\htdocs...', 635, Array)
#3 C:\xampp\htdocs\cake\lib\Cake\Core\App.php(899): App::_checkFatalError()
#4 [internal function]: App::shutdown()
#5 {main}
2012-09-11 12:57:49 Error: Fatal Error (1): Call to a member function init() on a non-object in [C:\xampp\htdocs\cake\lib\Cake\Controller\Controller.php, line 635]
2012-09-11 12:57:49 Error: [FatalErrorException] Call to a member function init() on a non-object
#0 C:\xampp\htdocs\cake\lib\Cake\Error\ErrorHandler.php(162): ErrorHandler::handleFatalError(1, 'Call to a membe...', 'C:\xampp\htdocs...', 635)
#1 [internal function]: ErrorHandler::handleError(1, 'Call to a membe...', 'C:\xampp\htdocs...', 635, Array)
#2 C:\xampp\htdocs\cake\lib\Cake\Core\App.php(926): call_user_func('ErrorHandler::h...', 1, 'Call to a membe...', 'C:\xampp\htdocs...', 635, Array)
#3 C:\xampp\htdocs\cake\lib\Cake\Core\App.php(899): App::_checkFatalError()
#4 [internal function]: App::shutdown()
#5 {main}
2012-09-11 12:58:13 Error: [MissingActionException] Action PostsController::index() could not be found.
#0 C:\xampp\htdocs\cake\lib\Cake\Routing\Dispatcher.php(186): Controller->invokeAction(Object(CakeRequest))
#1 C:\xampp\htdocs\cake\lib\Cake\Routing\Dispatcher.php(161): Dispatcher->_invoke(Object(PostsController), Object(CakeRequest), Object(CakeResponse))
#2 C:\xampp\htdocs\cake\app\webroot\index.php(92): Dispatcher->dispatch(Object(CakeRequest), Object(CakeResponse))
#3 {main}
2012-09-11 12:58:23 Error: [MissingViewException] View file "C:\xampp\htdocs\cake\app\View\Posts\index.ctp" is missing.
#0 C:\xampp\htdocs\cake\lib\Cake\View\View.php(472): View->_getViewFileName(NULL)
#1 C:\xampp\htdocs\cake\lib\Cake\Controller\Controller.php(957): View->render(NULL, NULL)
#2 C:\xampp\htdocs\cake\lib\Cake\Routing\Dispatcher.php(193): Controller->render()
#3 C:\xampp\htdocs\cake\lib\Cake\Routing\Dispatcher.php(161): Dispatcher->_invoke(Object(PostsController), Object(CakeRequest), Object(CakeResponse))
#4 C:\xampp\htdocs\cake\app\webroot\index.php(92): Dispatcher->dispatch(Object(CakeRequest), Object(CakeResponse))
#5 {main}
2012-09-11 12:58:31 Error: [MissingActionException] Action PostsController::index() could not be found.
#0 C:\xampp\htdocs\cake\lib\Cake\Routing\Dispatcher.php(186): Controller->invokeAction(Object(CakeRequest))
#1 C:\xampp\htdocs\cake\lib\Cake\Routing\Dispatcher.php(161): Dispatcher->_invoke(Object(PostsController), Object(CakeRequest), Object(CakeResponse))
#2 C:\xampp\htdocs\cake\app\webroot\index.php(92): Dispatcher->dispatch(Object(CakeRequest), Object(CakeResponse))
#3 {main}
2012-09-11 13:02:11 Error: Fatal Error (4): syntax error, unexpected T_VARIABLE, expecting T_FUNCTION in [C:\xampp\htdocs\cake\app\Controller\PostsController.php, line 4]
2012-09-11 13:02:11 Error: [FatalErrorException] syntax error, unexpected T_VARIABLE, expecting T_FUNCTION
#0 C:\xampp\htdocs\cake\lib\Cake\Error\ErrorHandler.php(162): ErrorHandler::handleFatalError(4, 'syntax error, u...', 'C:\xampp\htdocs...', 4)
#1 [internal function]: ErrorHandler::handleError(4, 'syntax error, u...', 'C:\xampp\htdocs...', 4, Array)
#2 C:\xampp\htdocs\cake\lib\Cake\Core\App.php(926): call_user_func('ErrorHandler::h...', 4, 'syntax error, u...', 'C:\xampp\htdocs...', 4, Array)
#3 C:\xampp\htdocs\cake\lib\Cake\Core\App.php(899): App::_checkFatalError()
#4 [internal function]: App::shutdown()
#5 {main}
2012-09-14 08:33:26 Error: [MissingControllerException] Controller class JsController could not be found.
#0 C:\xampp\htdocs\cake\app\webroot\index.php(92): Dispatcher->dispatch(Object(CakeRequest), Object(CakeResponse))
#1 {main}
2012-09-14 08:33:26 Error: [MissingControllerException] Controller class JsController could not be found.
#0 C:\xampp\htdocs\cake\app\webroot\index.php(92): Dispatcher->dispatch(Object(CakeRequest), Object(CakeResponse))
#1 {main}
2012-09-14 08:33:26 Error: [MissingControllerException] Controller class Css-includeController could not be found.
#0 C:\xampp\htdocs\cake\app\webroot\index.php(92): Dispatcher->dispatch(Object(CakeRequest), Object(CakeResponse))
#1 {main}
2012-09-14 08:33:26 Error: [MissingControllerException] Controller class JsController could not be found.
#0 C:\xampp\htdocs\cake\app\webroot\index.php(92): Dispatcher->dispatch(Object(CakeRequest), Object(CakeResponse))
#1 {main}
1 {main}
2012-09-14 08:33:26 Error: [MissingControllerException] Controller class ImagesController could not be found.
#0 C:\xampp\htdocs\cake\app\webroot\index.php(92): Dispatcher->dispatch(Object(CakeRequest), Object(CakeResponse))
#1 {main}
2012-09-14 08:33:26 Error: [MissingControllerException] Controller class ImagesController could not be found.
#0 C:\xampp\htdocs\cake\app\webroot\index.php(92): Dispatcher->dispatch(Object(CakeRequest), Object(CakeResponse))
#1 {main}
2012-09-14 08:33:26 Error: [MissingControllerException] Controller class ImagesController could not be found.
#0 C:\xampp\htdocs\cake\app\webroot\index.php(92): Dispatcher->dispatch(Object(CakeRequest), Object(CakeResponse))
#1 {main}
2012-09-14 08:34:57 Error: [MissingControllerException] Controller class Css-includeController could not be found.
#0 C:\xampp\htdocs\cake\app\webroot\index.php(92): Dispatcher->dispatch(Object(CakeRequest), Object(CakeResponse))
#1 {main}
2012-09-14 08:34:57 Error: [MissingControllerException] Controller class Css-includeController could not be found.
#0 C:\xampp\htdocs\cake\app\webroot\index.php(92): Dispatcher->dispatch(Object(CakeRequest), Object(CakeResponse))
#1 {main}
2012-09-14 08:34:57 Error: [MissingControllerException] Controller class JsController could not be found.
#0 C:\xampp\htdocs\cake\app\webroot\index.php(92): Dispatcher->dispatch(Object(CakeRequest), Object(CakeResponse))
#1 {main}
2012-09-14 08:34:57 Error: [MissingControllerException] Controller class JsController could not be found.
#0 C:\xampp\htdocs\cake\app\webroot\index.php(92): Dispatcher->dispatch(Object(CakeRequest), Object(CakeResponse))
#1 {main}
2012-09-14 08:34:57 Error: [MissingControllerException] Controller class JsController could not be found.
#0 C:\xampp\htdocs\cake\app\webroot\index.php(92): Dispatcher->dispatch(Object(CakeRequest), Object(CakeResponse))
#1 {main}
2012-09-14 08:34:57 Error: [MissingControllerException] Controller class JsController could not be found.
#0 C:\xampp\htdocs\cake\app\webroot\index.php(92): Dispatcher->dispatch(Object(CakeRequest), Object(CakeResponse))
#1 {main}
2012-09-14 08:34:57 Error: [MissingControllerException] Controller class ImagesController could not be found.
#0 C:\xampp\htdocs\cake\app\webroot\index.php(92): Dispatcher->dispatch(Object(CakeRequest), Object(CakeResponse))
#1 {main}
2012-09-14 08:34:57 Error: [MissingControllerException] Controller class ImagesController could not be found.
#0 C:\xampp\htdocs\cake\app\webroot\index.php(92): Dispatcher->dispatch(Object(CakeRequest), Object(CakeResponse))
#1 {main}
2012-09-14 08:34:57 Error: [MissingControllerException] Controller class ImagesController could not be found.
#0 C:\xampp\htdocs\cake\app\webroot\index.php(92): Dispatcher->dispatch(Object(CakeRequest), Object(CakeResponse))
#1 {main}
2012-09-14 08:34:58 Error: [MissingControllerException] Controller class JsController could not be found.
#0 C:\xampp\htdocs\cake\app\webroot\index.php(92): Dispatcher->dispatch(Object(CakeRequest), Object(CakeResponse))
#1 {main}
2012-09-14 08:34:58 Error: [MissingControllerException] Controller class JsController could not be found.
#0 C:\xampp\htdocs\cake\app\webroot\index.php(92): Dispatcher->dispatch(Object(CakeRequest), Object(CakeResponse))
#1 {main}
2012-09-14 08:34:58 Error: [MissingControllerException] Controller class JsController could not be found.
#0 C:\xampp\htdocs\cake\app\webroot\index.php(92): Dispatcher->dispatch(Object(CakeRequest), Object(CakeResponse))
#1 {main}
2012-09-14 08:34:58 Error: [MissingControllerException] Controller class Css-includeController could not be found.
#0 C:\xampp\htdocs\cake\app\webroot\index.php(92): Dispatcher->dispatch(Object(CakeRequest), Object(CakeResponse))
#1 {main}
2012-09-14 08:34:58 Error: [MissingControllerException] Controller class Css-includeController could not be found.
#0 C:\xampp\htdocs\cake\app\webroot\index.php(92): Dispatcher->dispatch(Object(CakeRequest), Object(CakeResponse))
#1 {main}
2012-09-14 08:34:58 Error: [MissingControllerException] Controller class JsController could not be found.
#0 C:\xampp\htdocs\cake\app\webroot\index.php(92): Dispatcher->dispatch(Object(CakeRequest), Object(CakeResponse))
#1 {main}
2012-09-14 08:34:58 Error: [MissingControllerException] Controller class ImagesController could not be found.
#0 C:\xampp\htdocs\cake\app\webroot\index.php(92): Dispatcher->dispatch(Object(CakeRequest), Object(CakeResponse))
#1 {main}
2012-09-14 08:34:58 Error: [MissingControllerException] Controller class ImagesController could not be found.
#0 C:\xampp\htdocs\cake\app\webroot\index.php(92): Dispatcher->dispatch(Object(CakeRequest), Object(CakeResponse))
#1 {main}
2012-09-14 08:35:29 Error: [MissingControllerException] Controller class JsController could not be found.
#0 C:\xampp\htdocs\cake\app\webroot\index.php(92): Dispatcher->dispatch(Object(CakeRequest), Object(CakeResponse))
#1 {main}
2012-09-14 08:35:29 Error: [MissingControllerException] Controller class JsController could not be found.
#0 C:\xampp\htdocs\cake\app\webroot\index.php(92): Dispatcher->dispatch(Object(CakeRequest), Object(CakeResponse))
#1 {main}
2012-09-14 08:35:29 Error: [MissingControllerException] Controller class JsController could not be found.
#0 C:\xampp\htdocs\cake\app\webroot\index.php(92): Dispatcher->dispatch(Object(CakeRequest), Object(CakeResponse))
#1 {main}
2012-09-14 08:35:29 Error: [MissingControllerException] Controller class JsController could not be found.
#0 C:\xampp\htdocs\cake\app\webroot\index.php(92): Dispatcher->dispatch(Object(CakeRequest), Object(CakeResponse))
#1 {main}
2012-09-14 08:35:29 Error: [MissingControllerException] Controller class Css-includeController could not be found.
#0 C:\xampp\htdocs\cake\app\webroot\index.php(92): Dispatcher->dispatch(Object(CakeRequest), Object(CakeResponse))
#1 {main}
2012-09-14 08:35:29 Error: [MissingControllerException] Controller class Css-includeController could not be found.
#0 C:\xampp\htdocs\cake\app\webroot\index.php(92): Dispatcher->dispatch(Object(CakeRequest), Object(CakeResponse))
#1 {main}
2012-09-14 08:35:30 Error: [MissingControllerException] Controller class ImagesController could not be found.
#0 C:\xampp\htdocs\cake\app\webroot\index.php(92): Dispatcher->dispatch(Object(CakeRequest), Object(CakeResponse))
#1 {main}
2012-09-14 08:35:30 Error: [MissingControllerException] Controller class ImagesController could not be found.
#0 C:\xampp\htdocs\cake\app\webroot\index.php(92): Dispatcher->dispatch(Object(CakeRequest), Object(CakeResponse))
#1 {main}
2012-09-14 08:35:30 Error: [MissingControllerException] Controller class ImagesController could not be found.
#0 C:\xampp\htdocs\cake\app\webroot\index.php(92): Dispatcher->dispatch(Object(CakeRequest), Object(CakeResponse))
#1 {main}
2012-09-14 08:35:30 Error: [MissingControllerException] Controller class Css-includeController could not be found.
#0 C:\xampp\htdocs\cake\app\webroot\index.php(92): Dispatcher->dispatch(Object(CakeRequest), Object(CakeResponse))
#1 {main}
2012-09-14 08:35:30 Error: [MissingControllerException] Controller class JsController could not be found.
#0 C:\xampp\htdocs\cake\app\webroot\index.php(92): Dispatcher->dispatch(Object(CakeRequest), Object(CakeResponse))
#1 {main}
2012-09-14 08:35:30 Error: [MissingControllerException] Controller class JsController could not be found.
#0 C:\xampp\htdocs\cake\app\webroot\index.php(92): Dispatcher->dispatch(Object(CakeRequest), Object(CakeResponse))
#1 {main}
2012-09-14 08:35:30 Error: [MissingControllerException] Controller class Css-includeController could not be found.
#0 C:\xampp\htdocs\cake\app\webroot\index.php(92): Dispatcher->dispatch(Object(CakeRequest), Object(CakeResponse))
#1 {main}
2012-09-14 08:35:30 Error: [MissingControllerException] Controller class JsController could not be found.
#0 C:\xampp\htdocs\cake\app\webroot\index.php(92): Dispatcher->dispatch(Object(CakeRequest), Object(CakeResponse))
#1 {main}
2012-09-14 08:35:30 Error: [MissingControllerException] Controller class JsController could not be found.
#0 C:\xampp\htdocs\cake\app\webroot\index.php(92): Dispatcher->dispatch(Object(CakeRequest), Object(CakeResponse))
#1 {main}
2012-09-14 08:35:30 Error: [MissingControllerException] Controller class ImagesController could not be found.
#0 C:\xampp\htdocs\cake\app\webroot\index.php(92): Dispatcher->dispatch(Object(CakeRequest), Object(CakeResponse))
#1 {main}
2012-09-14 08:35:30 Error: [MissingControllerException] Controller class ImagesController could not be found.
#0 C:\xampp\htdocs\cake\app\webroot\index.php(92): Dispatcher->dispatch(Object(CakeRequest), Object(CakeResponse))
#1 {main}
2012-09-14 08:35:30 Error: [MissingControllerException] Controller class ImagesController could not be found.
#0 C:\xampp\htdocs\cake\app\webroot\index.php(92): Dispatcher->dispatch(Object(CakeRequest), Object(CakeResponse))
#1 {main}
2012-09-14 08:35:31 Error: [MissingControllerException] Controller class Css-includeController could not be found.
#0 C:\xampp\htdocs\cake\app\webroot\index.php(92): Dispatcher->dispatch(Object(CakeRequest), Object(CakeResponse))
#1 {main}
2012-09-14 08:35:31 Error: [MissingControllerException] Controller class JsController could not be found.
#0 C:\xampp\htdocs\cake\app\webroot\index.php(92): Dispatcher->dispatch(Object(CakeRequest), Object(CakeResponse))
#1 {main}
2012-09-14 08:35:31 Error: [MissingControllerException] Controller class JsController could not be found.
#0 C:\xampp\htdocs\cake\app\webroot\index.php(92): Dispatcher->dispatch(Object(CakeRequest), Object(CakeResponse))
#1 {main}
2012-09-14 08:35:31 Error: [MissingControllerException] Controller class JsController could not be found.
#0 C:\xampp\htdocs\cake\app\webroot\index.php(92): Dispatcher->dispatch(Object(CakeRequest), Object(CakeResponse))
#1 {main}
2012-09-14 08:35:31 Error: [MissingControllerException] Controller class JsController could not be found.
#0 C:\xampp\htdocs\cake\app\webroot\index.php(92): Dispatcher->dispatch(Object(CakeRequest), Object(CakeResponse))
#1 {main}
2012-09-14 08:35:31 Error: [MissingControllerException] Controller class Css-includeController could not be found.
#0 C:\xampp\htdocs\cake\app\webroot\index.php(92): Dispatcher->dispatch(Object(CakeRequest), Object(CakeResponse))
#1 {main}
2012-09-14 08:35:31 Error: [MissingControllerException] Controller class ImagesController could not be found.
#0 C:\xampp\htdocs\cake\app\webroot\index.php(92): Dispatcher->dispatch(Object(CakeRequest), Object(CakeResponse))
#1 {main}
2012-09-14 08:35:31 Error: [MissingControllerException] Controller class ImagesController could not be found.
#0 C:\xampp\htdocs\cake\app\webroot\index.php(92): Dispatcher->dispatch(Object(CakeRequest), Object(CakeResponse))
#1 {main}
2012-09-14 08:35:31 Error: [MissingControllerException] Controller class ImagesController could not be found.
#0 C:\xampp\htdocs\cake\app\webroot\index.php(92): Dispatcher->dispatch(Object(CakeRequest), Object(CakeResponse))
#1 {main}
2012-09-14 08:36:15 Error: [MissingControllerException] Controller class Style.cssController could not be found.
#0 C:\xampp\htdocs\cake\app\webroot\index.php(92): Dispatcher->dispatch(Object(CakeRequest), Object(CakeResponse))
#1 {main}
2012-09-14 08:36:15 Error: [MissingControllerException] Controller class Css-includeController could not be found.
#0 C:\xampp\htdocs\cake\app\webroot\index.php(92): Dispatcher->dispatch(Object(CakeRequest), Object(CakeResponse))
#1 {main}
2012-09-14 08:36:15 Error: [MissingControllerException] Controller class JsController could not be found.
#0 C:\xampp\htdocs\cake\app\webroot\index.php(92): Dispatcher->dispatch(Object(CakeRequest), Object(CakeResponse))
#1 {main}
2012-09-14 08:36:15 Error: [MissingControllerException] Controller class JsController could not be found.
#0 C:\xampp\htdocs\cake\app\webroot\index.php(92): Dispatcher->dispatch(Object(CakeRequest), Object(CakeResponse))
#1 {main}
2012-09-14 08:36:15 Error: [MissingControllerException] Controller class JsController could not be found.
#0 C:\xampp\htdocs\cake\app\webroot\index.php(92): Dispatcher->dispatch(Object(CakeRequest), Object(CakeResponse))
#1 {main}
2012-09-14 08:36:15 Error: [MissingControllerException] Controller class JsController could not be found.
#0 C:\xampp\htdocs\cake\app\webroot\index.php(92): Dispatcher->dispatch(Object(CakeRequest), Object(CakeResponse))
#1 {main}
2012-09-14 08:36:15 Error: [MissingControllerException] Controller class ImagesController could not be found.
#0 C:\xampp\htdocs\cake\app\webroot\index.php(92): Dispatcher->dispatch(Object(CakeRequest), Object(CakeResponse))
#1 {main}
2012-09-14 08:36:15 Error: [MissingControllerException] Controller class ImagesController could not be found.
#0 C:\xampp\htdocs\cake\app\webroot\index.php(92): Dispatcher->dispatch(Object(CakeRequest), Object(CakeResponse))
#1 {main}
2012-09-14 08:36:15 Error: [MissingControllerException] Controller class ImagesController could not be found.
#0 C:\xampp\htdocs\cake\app\webroot\index.php(92): Dispatcher->dispatch(Object(CakeRequest), Object(CakeResponse))
#1 {main}
2012-09-14 08:36:53 Error: [MissingControllerException] Controller class JsController could not be found.
#0 C:\xampp\htdocs\cake\app\webroot\index.php(92): Dispatcher->dispatch(Object(CakeRequest), Object(CakeResponse))
#1 {main}
2012-09-14 08:36:53 Error: [MissingControllerException] Controller class JsController could not be found.
#0 C:\xampp\htdocs\cake\app\webroot\index.php(92): Dispatcher->dispatch(Object(CakeRequest), Object(CakeResponse))
#1 {main}
2012-09-14 08:36:53 Error: [MissingControllerException] Controller class Css-includeController could not be found.
#0 C:\xampp\htdocs\cake\app\webroot\index.php(92): Dispatcher->dispatch(Object(CakeRequest), Object(CakeResponse))
#1 {main}
2012-09-14 08:36:53 Error: [MissingControllerException] Controller class JsController could not be found.
#0 C:\xampp\htdocs\cake\app\webroot\index.php(92): Dispatcher->dispatch(Object(CakeRequest), Object(CakeResponse))
#1 {main}
2012-09-14 08:36:53 Error: [MissingControllerException] Controller class JsController could not be found.
#0 C:\xampp\htdocs\cake\app\webroot\index.php(92): Dispatcher->dispatch(Object(CakeRequest), Object(CakeResponse))
#1 {main}
2012-09-14 08:36:54 Error: [MissingControllerException] Controller class ImagesController could not be found.
#0 C:\xampp\htdocs\cake\app\webroot\index.php(92): Dispatcher->dispatch(Object(CakeRequest), Object(CakeResponse))
#1 {main}
2012-09-14 08:36:54 Error: [MissingControllerException] Controller class ImagesController could not be found.
#0 C:\xampp\htdocs\cake\app\webroot\index.php(92): Dispatcher->dispatch(Object(CakeRequest), Object(CakeResponse))
#1 {main}
2012-09-14 08:36:54 Error: [MissingControllerException] Controller class ImagesController could not be found.
#0 C:\xampp\htdocs\cake\app\webroot\index.php(92): Dispatcher->dispatch(Object(CakeRequest), Object(CakeResponse))
#1 {main}
2012-09-14 08:36:54 Error: [MissingControllerException] Controller class JsController could not be found.
#0 C:\xampp\htdocs\cake\app\webroot\index.php(92): Dispatcher->dispatch(Object(CakeRequest), Object(CakeResponse))
#1 {main}
2012-09-14 08:36:54 Error: [MissingControllerException] Controller class JsController could not be found.
#0 C:\xampp\htdocs\cake\app\webroot\index.php(92): Dispatcher->dispatch(Object(CakeRequest), Object(CakeResponse))
#1 {main}
2012-09-14 08:36:54 Error: [MissingControllerException] Controller class Css-includeController could not be found.
#0 C:\xampp\htdocs\cake\app\webroot\index.php(92): Dispatcher->dispatch(Object(CakeRequest), Object(CakeResponse))
#1 {main}
2012-09-14 08:36:54 Error: [MissingControllerException] Controller class JsController could not be found.
#0 C:\xampp\htdocs\cake\app\webroot\index.php(92): Dispatcher->dispatch(Object(CakeRequest), Object(CakeResponse))
#1 {main}
2012-09-14 08:36:54 Error: [MissingControllerException] Controller class JsController could not be found.
#0 C:\xampp\htdocs\cake\app\webroot\index.php(92): Dispatcher->dispatch(Object(CakeRequest), Object(CakeResponse))
#1 {main}
2012-09-14 08:36:55 Error: [MissingControllerException] Controller class ImagesController could not be found.
#0 C:\xampp\htdocs\cake\app\webroot\index.php(92): Dispatcher->dispatch(Object(CakeRequest), Object(CakeResponse))
#1 {main}
2012-09-14 08:36:55 Error: [MissingControllerException] Controller class ImagesController could not be found.
#0 C:\xampp\htdocs\cake\app\webroot\index.php(92): Dispatcher->dispatch(Object(CakeRequest), Object(CakeResponse))
#1 {main}
2012-09-14 08:36:55 Error: [MissingControllerException] Controller class ImagesController could not be found.
#0 C:\xampp\htdocs\cake\app\webroot\index.php(92): Dispatcher->dispatch(Object(CakeRequest), Object(CakeResponse))
#1 {main}
2012-09-14 08:36:55 Error: [MissingControllerException] Controller class JsController could not be found.
#0 C:\xampp\htdocs\cake\app\webroot\index.php(92): Dispatcher->dispatch(Object(CakeRequest), Object(CakeResponse))
#1 {main}
2012-09-14 08:36:55 Error: [MissingControllerException] Controller class JsController could not be found.
#0 C:\xampp\htdocs\cake\app\webroot\index.php(92): Dispatcher->dispatch(Object(CakeRequest), Object(CakeResponse))
#1 {main}
2012-09-14 08:36:55 Error: [MissingControllerException] Controller class JsController could not be found.
#0 C:\xampp\htdocs\cake\app\webroot\index.php(92): Dispatcher->dispatch(Object(CakeRequest), Object(CakeResponse))
#1 {main}
2012-09-14 08:36:56 Error: [MissingControllerException] Controller class Css-includeController could not be found.
#0 C:\xampp\htdocs\cake\app\webroot\index.php(92): Dispatcher->dispatch(Object(CakeRequest), Object(CakeResponse))
#1 {main}
2012-09-14 08:36:56 Error: [MissingControllerException] Controller class JsController could not be found.
#0 C:\xampp\htdocs\cake\app\webroot\index.php(92): Dispatcher->dispatch(Object(CakeRequest), Object(CakeResponse))
#1 {main}
2012-09-14 08:36:56 Error: [MissingControllerException] Controller class ImagesController could not be found.
#0 C:\xampp\htdocs\cake\app\webroot\index.php(92): Dispatcher->dispatch(Object(CakeRequest), Object(CakeResponse))
#1 {main}
2012-09-14 08:36:56 Error: [MissingControllerException] Controller class ImagesController could not be found.
#0 C:\xampp\htdocs\cake\app\webroot\index.php(92): Dispatcher->dispatch(Object(CakeRequest), Object(CakeResponse))
#1 {main}
2012-09-14 08:36:56 Error: [MissingControllerException] Controller class ImagesController could not be found.
#0 C:\xampp\htdocs\cake\app\webroot\index.php(92): Dispatcher->dispatch(Object(CakeRequest), Object(CakeResponse))
#1 {main}
2012-09-14 08:41:49 Error: [MissingControllerException] Controller class JsController could not be found.
#0 C:\xampp\htdocs\cake\app\webroot\index.php(92): Dispatcher->dispatch(Object(CakeRequest), Object(CakeResponse))
#1 {main}
2012-09-14 08:41:49 Error: [MissingControllerException] Controller class Css-includeController could not be found.
#0 C:\xampp\htdocs\cake\app\webroot\index.php(92): Dispatcher->dispatch(Object(CakeRequest), Object(CakeResponse))
#1 {main}
2012-09-14 08:41:49 Error: [MissingControllerException] Controller class JsController could not be found.
#0 C:\xampp\htdocs\cake\app\webroot\index.php(92): Dispatcher->dispatch(Object(CakeRequest), Object(CakeResponse))
#1 {main}
2012-09-14 08:41:49 Error: [MissingControllerException] Controller class JsController could not be found.
#0 C:\xampp\htdocs\cake\app\webroot\index.php(92): Dispatcher->dispatch(Object(CakeRequest), Object(CakeResponse))
#1 {main}
2012-09-14 08:41:49 Error: [MissingControllerException] Controller class JsController could not be found.
#0 C:\xampp\htdocs\cake\app\webroot\index.php(92): Dispatcher->dispatch(Object(CakeRequest), Object(CakeResponse))
#1 {main}
2012-09-14 08:41:49 Error: [MissingControllerException] Controller class ImagesController could not be found.
#0 C:\xampp\htdocs\cake\app\webroot\index.php(92): Dispatcher->dispatch(Object(CakeRequest), Object(CakeResponse))
#1 {main}
2012-09-14 08:41:49 Error: [MissingControllerException] Controller class ImagesController could not be found.
#0 C:\xampp\htdocs\cake\app\webroot\index.php(92): Dispatcher->dispatch(Object(CakeRequest), Object(CakeResponse))
#1 {main}
2012-09-14 08:41:49 Error: [MissingControllerException] Controller class ImagesController could not be found.
#0 C:\xampp\htdocs\cake\app\webroot\index.php(92): Dispatcher->dispatch(Object(CakeRequest), Object(CakeResponse))
#1 {main}
2012-09-14 08:41:51 Error: [MissingControllerException] Controller class JsController could not be found.
#0 C:\xampp\htdocs\cake\app\webroot\index.php(92): Dispatcher->dispatch(Object(CakeRequest), Object(CakeResponse))
#1 {main}
2012-09-14 08:41:51 Error: [MissingControllerException] Controller class Css-includeController could not be found.
#0 C:\xampp\htdocs\cake\app\webroot\index.php(92): Dispatcher->dispatch(Object(CakeRequest), Object(CakeResponse))
#1 {main}
2012-09-14 08:41:51 Error: [MissingControllerException] Controller class JsController could not be found.
#0 C:\xampp\htdocs\cake\app\webroot\index.php(92): Dispatcher->dispatch(Object(CakeRequest), Object(CakeResponse))
#1 {main}
2012-09-14 08:41:51 Error: [MissingControllerException] Controller class JsController could not be found.
#0 C:\xampp\htdocs\cake\app\webroot\index.php(92): Dispatcher->dispatch(Object(CakeRequest), Object(CakeResponse))
#1 {main}
2012-09-14 08:41:51 Error: [MissingControllerException] Controller class JsController could not be found.
#0 C:\xampp\htdocs\cake\app\webroot\index.php(92): Dispatcher->dispatch(Object(CakeRequest), Object(CakeResponse))
#1 {main}
2012-09-14 08:41:51 Error: [MissingControllerException] Controller class ImagesController could not be found.
#0 C:\xampp\htdocs\cake\app\webroot\index.php(92): Dispatcher->dispatch(Object(CakeRequest), Object(CakeResponse))
#1 {main}
2012-09-14 08:41:51 Error: [MissingControllerException] Controller class ImagesController could not be found.
#0 C:\xampp\htdocs\cake\app\webroot\index.php(92): Dispatcher->dispatch(Object(CakeRequest), Object(CakeResponse))
#1 {main}
2012-09-14 08:41:51 Error: [MissingControllerException] Controller class ImagesController could not be found.
#0 C:\xampp\htdocs\cake\app\webroot\index.php(92): Dispatcher->dispatch(Object(CakeRequest), Object(CakeResponse))
#1 {main}
2012-09-14 08:51:59 Error: [MissingControllerException] Controller class Css-includeController could not be found.
#0 C:\xampp\htdocs\cake\app\webroot\index.php(92): Dispatcher->dispatch(Object(CakeRequest), Object(CakeResponse))
#1 {main}
2012-09-14 08:51:59 Error: [MissingControllerException] Controller class JsController could not be found.
#0 C:\xampp\htdocs\cake\app\webroot\index.php(92): Dispatcher->dispatch(Object(CakeRequest), Object(CakeResponse))
#1 {main}
2012-09-14 08:51:59 Error: [MissingControllerException] Controller class ImagesController could not be found.
#0 C:\xampp\htdocs\cake\app\webroot\index.php(92): Dispatcher->dispatch(Object(CakeRequest), Object(CakeResponse))
#1 {main}
2012-09-14 08:51:59 Error: [MissingControllerException] Controller class ImagesController could not be found.
#0 C:\xampp\htdocs\cake\app\webroot\index.php(92): Dispatcher->dispatch(Object(CakeRequest), Object(CakeResponse))
#1 {main}
2012-09-14 08:51:59 Error: [MissingControllerException] Controller class ImagesController could not be found.
#0 C:\xampp\htdocs\cake\app\webroot\index.php(92): Dispatcher->dispatch(Object(CakeRequest), Object(CakeResponse))
#1 {main}
2012-09-14 09:28:03 Error: [MissingControllerException] Controller class ImagesController could not be found.
#0 C:\xampp\htdocs\cake\app\webroot\index.php(92): Dispatcher->dispatch(Object(CakeRequest), Object(CakeResponse))
#1 {main}
2012-09-14 09:28:03 Error: [MissingControllerException] Controller class ImagesController could not be found.
#0 C:\xampp\htdocs\cake\app\webroot\index.php(92): Dispatcher->dispatch(Object(CakeRequest), Object(CakeResponse))
#1 {main}
2012-09-14 09:28:03 Error: [MissingControllerException] Controller class ImagesController could not be found.
#0 C:\xampp\htdocs\cake\app\webroot\index.php(92): Dispatcher->dispatch(Object(CakeRequest), Object(CakeResponse))
#1 {main}
2012-09-14 09:28:05 Error: [MissingControllerException] Controller class ImagesController could not be found.
#0 C:\xampp\htdocs\cake\app\webroot\index.php(92): Dispatcher->dispatch(Object(CakeRequest), Object(CakeResponse))
#1 {main}
2012-09-14 09:28:05 Error: [MissingControllerException] Controller class ImagesController could not be found.
#0 C:\xampp\htdocs\cake\app\webroot\index.php(92): Dispatcher->dispatch(Object(CakeRequest), Object(CakeResponse))
#1 {main}
2012-09-14 09:28:05 Error: [MissingControllerException] Controller class ImagesController could not be found.
#0 C:\xampp\htdocs\cake\app\webroot\index.php(92): Dispatcher->dispatch(Object(CakeRequest), Object(CakeResponse))
#1 {main}
2012-09-14 09:28:05 Error: [MissingControllerException] Controller class ImagesController could not be found.
#0 C:\xampp\htdocs\cake\app\webroot\index.php(92): Dispatcher->dispatch(Object(CakeRequest), Object(CakeResponse))
#1 {main}
2012-09-14 09:28:05 Error: [MissingControllerException] Controller class ImagesController could not be found.
#0 C:\xampp\htdocs\cake\app\webroot\index.php(92): Dispatcher->dispatch(Object(CakeRequest), Object(CakeResponse))
#1 {main}
2012-09-14 09:28:05 Error: [MissingControllerException] Controller class ImagesController could not be found.
#0 C:\xampp\htdocs\cake\app\webroot\index.php(92): Dispatcher->dispatch(Object(CakeRequest), Object(CakeResponse))
#1 {main}
2012-09-14 09:28:06 Error: [MissingControllerException] Controller class ImagesController could not be found.
#0 C:\xampp\htdocs\cake\app\webroot\index.php(92): Dispatcher->dispatch(Object(CakeRequest), Object(CakeResponse))
#1 {main}
2012-09-14 09:28:06 Error: [MissingControllerException] Controller class ImagesController could not be found.
#0 C:\xampp\htdocs\cake\app\webroot\index.php(92): Dispatcher->dispatch(Object(CakeRequest), Object(CakeResponse))
#1 {main}
2012-09-14 09:28:06 Error: [MissingControllerException] Controller class ImagesController could not be found.
#0 C:\xampp\htdocs\cake\app\webroot\index.php(92): Dispatcher->dispatch(Object(CakeRequest), Object(CakeResponse))
#1 {main}
2012-09-14 09:28:06 Error: [MissingControllerException] Controller class ImagesController could not be found.
#0 C:\xampp\htdocs\cake\app\webroot\index.php(92): Dispatcher->dispatch(Object(CakeRequest), Object(CakeResponse))
#1 {main}
2012-09-14 09:28:06 Error: [MissingControllerException] Controller class ImagesController could not be found.
#0 C:\xampp\htdocs\cake\app\webroot\index.php(92): Dispatcher->dispatch(Object(CakeRequest), Object(CakeResponse))
#1 {main}
2012-09-14 09:28:06 Error: [MissingControllerException] Controller class ImagesController could not be found.
#0 C:\xampp\htdocs\cake\app\webroot\index.php(92): Dispatcher->dispatch(Object(CakeRequest), Object(CakeResponse))
#1 {main}
2012-09-14 09:28:23 Error: [MissingControllerException] Controller class ImagesController could not be found.
#0 C:\xampp\htdocs\cake\app\webroot\index.php(92): Dispatcher->dispatch(Object(CakeRequest), Object(CakeResponse))
#1 {main}
2012-09-14 09:28:23 Error: [MissingControllerException] Controller class ImagesController could not be found.
#0 C:\xampp\htdocs\cake\app\webroot\index.php(92): Dispatcher->dispatch(Object(CakeRequest), Object(CakeResponse))
#1 {main}
2012-09-14 09:28:23 Error: [MissingControllerException] Controller class ImagesController could not be found.
#0 C:\xampp\htdocs\cake\app\webroot\index.php(92): Dispatcher->dispatch(Object(CakeRequest), Object(CakeResponse))
#1 {main}
2012-09-14 09:28:23 Error: [MissingControllerException] Controller class ImagesController could not be found.
#0 C:\xampp\htdocs\cake\app\webroot\index.php(92): Dispatcher->dispatch(Object(CakeRequest), Object(CakeResponse))
#1 {main}
2012-09-14 09:28:23 Error: [MissingControllerException] Controller class ImagesController could not be found.
#0 C:\xampp\htdocs\cake\app\webroot\index.php(92): Dispatcher->dispatch(Object(CakeRequest), Object(CakeResponse))
#1 {main}
2012-09-14 09:28:23 Error: [MissingControllerException] Controller class ImagesController could not be found.
#0 C:\xampp\htdocs\cake\app\webroot\index.php(92): Dispatcher->dispatch(Object(CakeRequest), Object(CakeResponse))
#1 {main}
2012-09-14 09:29:42 Error: [MissingControllerException] Controller class ImagesController could not be found.
#0 C:\xampp\htdocs\cake\app\webroot\index.php(92): Dispatcher->dispatch(Object(CakeRequest), Object(CakeResponse))
#1 {main}
2012-09-14 09:29:42 Error: [MissingControllerException] Controller class ImagesController could not be found.
#0 C:\xampp\htdocs\cake\app\webroot\index.php(92): Dispatcher->dispatch(Object(CakeRequest), Object(CakeResponse))
#1 {main}
2012-09-14 09:29:42 Error: [MissingControllerException] Controller class ImagesController could not be found.
#0 C:\xampp\htdocs\cake\app\webroot\index.php(92): Dispatcher->dispatch(Object(CakeRequest), Object(CakeResponse))
#1 {main}
2012-09-14 09:30:01 Error: [MissingControllerException] Controller class ImagesController could not be found.
#0 C:\xampp\htdocs\cake\app\webroot\index.php(92): Dispatcher->dispatch(Object(CakeRequest), Object(CakeResponse))
#1 {main}
2012-09-14 09:30:01 Error: [MissingControllerException] Controller class ImagesController could not be found.
#0 C:\xampp\htdocs\cake\app\webroot\index.php(92): Dispatcher->dispatch(Object(CakeRequest), Object(CakeResponse))
#1 {main}
2012-09-14 09:30:01 Error: [MissingControllerException] Controller class ImagesController could not be found.
#0 C:\xampp\htdocs\cake\app\webroot\index.php(92): Dispatcher->dispatch(Object(CakeRequest), Object(CakeResponse))
#1 {main}
2012-09-14 09:30:02 Error: [MissingControllerException] Controller class ImagesController could not be found.
#0 C:\xampp\htdocs\cake\app\webroot\index.php(92): Dispatcher->dispatch(Object(CakeRequest), Object(CakeResponse))
#1 {main}
2012-09-14 09:30:02 Error: [MissingControllerException] Controller class ImagesController could not be found.
#0 C:\xampp\htdocs\cake\app\webroot\index.php(92): Dispatcher->dispatch(Object(CakeRequest), Object(CakeResponse))
#1 {main}
2012-09-14 09:30:02 Error: [MissingControllerException] Controller class ImagesController could not be found.
#0 C:\xampp\htdocs\cake\app\webroot\index.php(92): Dispatcher->dispatch(Object(CakeRequest), Object(CakeResponse))
#1 {main}
2012-09-14 09:30:03 Error: [MissingControllerException] Controller class ImagesController could not be found.
#0 C:\xampp\htdocs\cake\app\webroot\index.php(92): Dispatcher->dispatch(Object(CakeRequest), Object(CakeResponse))
#1 {main}
2012-09-14 09:30:03 Error: [MissingControllerException] Controller class ImagesController could not be found.
#0 C:\xampp\htdocs\cake\app\webroot\index.php(92): Dispatcher->dispatch(Object(CakeRequest), Object(CakeResponse))
#1 {main}
2012-09-14 09:31:22 Error: [MissingControllerException] Controller class ImagesController could not be found.
#0 C:\xampp\htdocs\cake\app\webroot\index.php(92): Dispatcher->dispatch(Object(CakeRequest), Object(CakeResponse))
#1 {main}
2012-09-14 09:31:22 Error: [MissingControllerException] Controller class ImagesController could not be found.
#0 C:\xampp\htdocs\cake\app\webroot\index.php(92): Dispatcher->dispatch(Object(CakeRequest), Object(CakeResponse))
#1 {main}
2012-09-14 09:31:22 Error: [MissingControllerException] Controller class ImagesController could not be found.
#0 C:\xampp\htdocs\cake\app\webroot\index.php(92): Dispatcher->dispatch(Object(CakeRequest), Object(CakeResponse))
#1 {main}
2012-09-14 09:31:22 Error: [MissingControllerException] Controller class ImagesController could not be found.
#0 C:\xampp\htdocs\cake\app\webroot\index.php(92): Dispatcher->dispatch(Object(CakeRequest), Object(CakeResponse))
#1 {main}
2012-09-14 09:31:22 Error: [MissingControllerException] Controller class ImagesController could not be found.
#0 C:\xampp\htdocs\cake\app\webroot\index.php(92): Dispatcher->dispatch(Object(CakeRequest), Object(CakeResponse))
#1 {main}
2012-09-14 09:31:22 Error: [MissingControllerException] Controller class FontsController could not be found.
#0 C:\xampp\htdocs\cake\app\webroot\index.php(92): Dispatcher->dispatch(Object(CakeRequest), Object(CakeResponse))
#1 {main}
2012-09-14 09:31:22 Error: [MissingControllerException] Controller class FontsController could not be found.
#0 C:\xampp\htdocs\cake\app\webroot\index.php(92): Dispatcher->dispatch(Object(CakeRequest), Object(CakeResponse))
#1 {main}
2012-09-14 09:31:22 Error: [MissingControllerException] Controller class FontsController could not be found.
#0 C:\xampp\htdocs\cake\app\webroot\index.php(92): Dispatcher->dispatch(Object(CakeRequest), Object(CakeResponse))
#1 {main}
2012-09-14 09:35:52 Error: [MissingControllerException] Controller class ImagesController could not be found.
#0 C:\xampp\htdocs\cake\app\webroot\index.php(92): Dispatcher->dispatch(Object(CakeRequest), Object(CakeResponse))
#1 {main}
2012-09-14 09:35:52 Error: [MissingControllerException] Controller class ImagesController could not be found.
#0 C:\xampp\htdocs\cake\app\webroot\index.php(92): Dispatcher->dispatch(Object(CakeRequest), Object(CakeResponse))
#1 {main}
2012-09-14 09:35:52 Error: [MissingControllerException] Controller class ImagesController could not be found.
#0 C:\xampp\htdocs\cake\app\webroot\index.php(92): Dispatcher->dispatch(Object(CakeRequest), Object(CakeResponse))
#1 {main}
2012-09-14 09:37:37 Error: [MissingControllerException] Controller class ImagesController could not be found.
#0 C:\xampp\htdocs\cake\app\webroot\index.php(92): Dispatcher->dispatch(Object(CakeRequest), Object(CakeResponse))
#1 {main}
2012-09-14 09:37:37 Error: [MissingControllerException] Controller class ImagesController could not be found.
#0 C:\xampp\htdocs\cake\app\webroot\index.php(92): Dispatcher->dispatch(Object(CakeRequest), Object(CakeResponse))
#1 {main}
2012-09-14 09:37:37 Error: [MissingControllerException] Controller class ImagesController could not be found.
#0 C:\xampp\htdocs\cake\app\webroot\index.php(92): Dispatcher->dispatch(Object(CakeRequest), Object(CakeResponse))
#1 {main}
2012-09-14 09:37:37 Error: [MissingControllerException] Controller class ImagesController could not be found.
#0 C:\xampp\htdocs\cake\app\webroot\index.php(92): Dispatcher->dispatch(Object(CakeRequest), Object(CakeResponse))
#1 {main}
2012-09-14 09:37:37 Error: [MissingControllerException] Controller class ImagesController could not be found.
#0 C:\xampp\htdocs\cake\app\webroot\index.php(92): Dispatcher->dispatch(Object(CakeRequest), Object(CakeResponse))
#1 {main}
2012-09-14 09:37:37 Error: [MissingControllerException] Controller class ImagesController could not be found.
#0 C:\xampp\htdocs\cake\app\webroot\index.php(92): Dispatcher->dispatch(Object(CakeRequest), Object(CakeResponse))
#1 {main}
2012-09-14 09:38:15 Error: [MissingControllerException] Controller class ImagesController could not be found.
#0 C:\xampp\htdocs\cake\app\webroot\index.php(92): Dispatcher->dispatch(Object(CakeRequest), Object(CakeResponse))
#1 {main}
2012-09-14 09:38:15 Error: [MissingControllerException] Controller class ImagesController could not be found.
#0 C:\xampp\htdocs\cake\app\webroot\index.php(92): Dispatcher->dispatch(Object(CakeRequest), Object(CakeResponse))
#1 {main}
2012-09-14 09:38:15 Error: [MissingControllerException] Controller class ImagesController could not be found.
#0 C:\xampp\htdocs\cake\app\webroot\index.php(92): Dispatcher->dispatch(Object(CakeRequest), Object(CakeResponse))
#1 {main}
2012-09-14 09:38:15 Error: [MissingControllerException] Controller class FontsController could not be found.
#0 C:\xampp\htdocs\cake\app\webroot\index.php(92): Dispatcher->dispatch(Object(CakeRequest), Object(CakeResponse))
#1 {main}
2012-09-14 09:38:15 Error: [MissingControllerException] Controller class FontsController could not be found.
#0 C:\xampp\htdocs\cake\app\webroot\index.php(92): Dispatcher->dispatch(Object(CakeRequest), Object(CakeResponse))
#1 {main}
2012-09-14 09:38:15 Error: [MissingControllerException] Controller class FontsController could not be found.
#0 C:\xampp\htdocs\cake\app\webroot\index.php(92): Dispatcher->dispatch(Object(CakeRequest), Object(CakeResponse))
#1 {main}
2012-09-14 09:38:15 Error: [MissingControllerException] Controller class ImagesController could not be found.
#0 C:\xampp\htdocs\cake\app\webroot\index.php(92): Dispatcher->dispatch(Object(CakeRequest), Object(CakeResponse))
#1 {main}
2012-09-14 09:38:15 Error: [MissingControllerException] Controller class ImagesController could not be found.
#0 C:\xampp\htdocs\cake\app\webroot\index.php(92): Dispatcher->dispatch(Object(CakeRequest), Object(CakeResponse))
#1 {main}
2012-09-14 09:38:15 Error: [MissingControllerException] Controller class ImagesController could not be found.
#0 C:\xampp\htdocs\cake\app\webroot\index.php(92): Dispatcher->dispatch(Object(CakeRequest), Object(CakeResponse))
#1 {main}
2012-09-14 09:38:16 Error: [MissingControllerException] Controller class ImagesController could not be found.
#0 C:\xampp\htdocs\cake\app\webroot\index.php(92): Dispatcher->dispatch(Object(CakeRequest), Object(CakeResponse))
#1 {main}
2012-09-14 09:38:16 Error: [MissingControllerException] Controller class ImagesController could not be found.
#0 C:\xampp\htdocs\cake\app\webroot\index.php(92): Dispatcher->dispatch(Object(CakeRequest), Object(CakeResponse))
#1 {main}
2012-09-14 09:38:16 Error: [MissingControllerException] Controller class ImagesController could not be found.
#0 C:\xampp\htdocs\cake\app\webroot\index.php(92): Dispatcher->dispatch(Object(CakeRequest), Object(CakeResponse))
#1 {main}
2012-09-14 09:38:20 Error: [MissingControllerException] Controller class ImagesController could not be found.
#0 C:\xampp\htdocs\cake\app\webroot\index.php(92): Dispatcher->dispatch(Object(CakeRequest), Object(CakeResponse))
#1 {main}
2012-09-14 09:38:20 Error: [MissingControllerException] Controller class ImagesController could not be found.
#0 C:\xampp\htdocs\cake\app\webroot\index.php(92): Dispatcher->dispatch(Object(CakeRequest), Object(CakeResponse))
#1 {main}
2012-09-14 09:38:20 Error: [MissingControllerException] Controller class ImagesController could not be found.
#0 C:\xampp\htdocs\cake\app\webroot\index.php(92): Dispatcher->dispatch(Object(CakeRequest), Object(CakeResponse))
#1 {main}
2012-09-14 09:38:20 Error: [MissingControllerException] Controller class ImagesController could not be found.
#0 C:\xampp\htdocs\cake\app\webroot\index.php(92): Dispatcher->dispatch(Object(CakeRequest), Object(CakeResponse))
#1 {main}
2012-09-14 09:38:20 Error: [MissingControllerException] Controller class ImagesController could not be found.
#0 C:\xampp\htdocs\cake\app\webroot\index.php(92): Dispatcher->dispatch(Object(CakeRequest), Object(CakeResponse))
#1 {main}
2012-09-14 09:38:20 Error: [MissingControllerException] Controller class ImagesController could not be found.
#0 C:\xampp\htdocs\cake\app\webroot\index.php(92): Dispatcher->dispatch(Object(CakeRequest), Object(CakeResponse))
#1 {main}
2012-09-14 09:39:53 Error: Fatal Error (1): Call to a member function image() on a non-object in [C:\xampp\htdocs\cake\app\View\Layouts\default.ctp, line 42]
2012-09-14 09:39:53 Error: [FatalErrorException] Call to a member function image() on a non-object
#0 C:\xampp\htdocs\cake\lib\Cake\Error\ErrorHandler.php(162): ErrorHandler::handleFatalError(1, 'Call to a membe...', 'C:\xampp\htdocs...', 42)
#1 [internal function]: ErrorHandler::handleError(1, 'Call to a membe...', 'C:\xampp\htdocs...', 42, Array)
#2 C:\xampp\htdocs\cake\lib\Cake\Core\App.php(926): call_user_func('ErrorHandler::h...', 1, 'Call to a membe...', 'C:\xampp\htdocs...', 42, Array)
#3 C:\xampp\htdocs\cake\lib\Cake\Core\App.php(899): App::_checkFatalError()
#4 [internal function]: App::shutdown()
#5 {main}
2012-09-14 09:39:54 Error: Fatal Error (1): Call to a member function image() on a non-object in [C:\xampp\htdocs\cake\app\View\Layouts\default.ctp, line 42]
2012-09-14 09:39:54 Error: [FatalErrorException] Call to a member function image() on a non-object
#0 C:\xampp\htdocs\cake\lib\Cake\Error\ErrorHandler.php(162): ErrorHandler::handleFatalError(1, 'Call to a membe...', 'C:\xampp\htdocs...', 42)
#1 [internal function]: ErrorHandler::handleError(1, 'Call to a membe...', 'C:\xampp\htdocs...', 42, Array)
#2 C:\xampp\htdocs\cake\lib\Cake\Core\App.php(926): call_user_func('ErrorHandler::h...', 1, 'Call to a membe...', 'C:\xampp\htdocs...', 42, Array)
#3 C:\xampp\htdocs\cake\lib\Cake\Core\App.php(899): App::_checkFatalError()
#4 [internal function]: App::shutdown()
#5 {main}
2012-09-14 09:40:40 Error: Fatal Error (1): Call to a member function image() on a non-object in [C:\xampp\htdocs\cake\app\View\Layouts\default.ctp, line 42]
2012-09-14 09:40:40 Error: [FatalErrorException] Call to a member function image() on a non-object
#0 C:\xampp\htdocs\cake\lib\Cake\Error\ErrorHandler.php(162): ErrorHandler::handleFatalError(1, 'Call to a membe...', 'C:\xampp\htdocs...', 42)
#1 [internal function]: ErrorHandler::handleError(1, 'Call to a membe...', 'C:\xampp\htdocs...', 42, Array)
#2 C:\xampp\htdocs\cake\lib\Cake\Core\App.php(926): call_user_func('ErrorHandler::h...', 1, 'Call to a membe...', 'C:\xampp\htdocs...', 42, Array)
#3 C:\xampp\htdocs\cake\lib\Cake\Core\App.php(899): App::_checkFatalError()
#4 [internal function]: App::shutdown()
#5 {main}
2012-09-14 09:43:11 Error: Fatal Error (1): Call to a member function link() on a non-object in [C:\xampp\htdocs\cake\app\View\Layouts\default.ctp, line 43]
2012-09-14 09:43:11 Error: [FatalErrorException] Call to a member function link() on a non-object
#0 C:\xampp\htdocs\cake\lib\Cake\Error\ErrorHandler.php(162): ErrorHandler::handleFatalError(1, 'Call to a membe...', 'C:\xampp\htdocs...', 43)
#1 [internal function]: ErrorHandler::handleError(1, 'Call to a membe...', 'C:\xampp\htdocs...', 43, Array)
#2 C:\xampp\htdocs\cake\lib\Cake\Core\App.php(926): call_user_func('ErrorHandler::h...', 1, 'Call to a membe...', 'C:\xampp\htdocs...', 43, Array)
#3 C:\xampp\htdocs\cake\lib\Cake\Core\App.php(899): App::_checkFatalError()
#4 [internal function]: App::shutdown()
#5 {main}
2012-09-14 09:43:11 Error: Fatal Error (1): Call to a member function link() on a non-object in [C:\xampp\htdocs\cake\app\View\Layouts\default.ctp, line 43]
2012-09-14 09:43:11 Error: [FatalErrorException] Call to a member function link() on a non-object
#0 C:\xampp\htdocs\cake\lib\Cake\Error\ErrorHandler.php(162): ErrorHandler::handleFatalError(1, 'Call to a membe...', 'C:\xampp\htdocs...', 43)
#1 [internal function]: ErrorHandler::handleError(1, 'Call to a membe...', 'C:\xampp\htdocs...', 43, Array)
#2 C:\xampp\htdocs\cake\lib\Cake\Core\App.php(926): call_user_func('ErrorHandler::h...', 1, 'Call to a membe...', 'C:\xampp\htdocs...', 43, Array)
#3 C:\xampp\htdocs\cake\lib\Cake\Core\App.php(899): App::_checkFatalError()
#4 [internal function]: App::shutdown()
#5 {main}
2012-09-14 09:44:10 Error: [MissingControllerException] Controller class ImagesController could not be found.
#0 C:\xampp\htdocs\cake\app\webroot\index.php(92): Dispatcher->dispatch(Object(CakeRequest), Object(CakeResponse))
#1 {main}
2012-09-14 09:44:10 Error: [MissingControllerException] Controller class ImagesController could not be found.
#0 C:\xampp\htdocs\cake\app\webroot\index.php(92): Dispatcher->dispatch(Object(CakeRequest), Object(CakeResponse))
#1 {main}
2012-09-14 09:44:30 Error: [MissingControllerException] Controller class ImagesController could not be found.
#0 C:\xampp\htdocs\cake\app\webroot\index.php(92): Dispatcher->dispatch(Object(CakeRequest), Object(CakeResponse))
#1 {main}
2012-09-14 09:44:30 Error: [MissingControllerException] Controller class ImagesController could not be found.
#0 C:\xampp\htdocs\cake\app\webroot\index.php(92): Dispatcher->dispatch(Object(CakeRequest), Object(CakeResponse))
#1 {main}
2012-09-14 09:44:32 Error: [MissingControllerException] Controller class ImagesController could not be found.
#0 C:\xampp\htdocs\cake\app\webroot\index.php(92): Dispatcher->dispatch(Object(CakeRequest), Object(CakeResponse))
#1 {main}
2012-09-14 09:44:32 Error: [MissingControllerException] Controller class ImagesController could not be found.
#0 C:\xampp\htdocs\cake\app\webroot\index.php(92): Dispatcher->dispatch(Object(CakeRequest), Object(CakeResponse))
#1 {main}
2012-09-14 09:44:55 Error: [MissingControllerException] Controller class ImagesController could not be found.
#0 C:\xampp\htdocs\cake\app\webroot\index.php(92): Dispatcher->dispatch(Object(CakeRequest), Object(CakeResponse))
#1 {main}
2012-09-14 09:44:55 Error: [MissingControllerException] Controller class ImagesController could not be found.
#0 C:\xampp\htdocs\cake\app\webroot\index.php(92): Dispatcher->dispatch(Object(CakeRequest), Object(CakeResponse))
#1 {main}
2012-09-14 09:45:05 Error: [MissingControllerException] Controller class ImagesController could not be found.
#0 C:\xampp\htdocs\cake\app\webroot\index.php(92): Dispatcher->dispatch(Object(CakeRequest), Object(CakeResponse))
#1 {main}
2012-09-14 09:45:05 Error: [MissingControllerException] Controller class ImagesController could not be found.
#0 C:\xampp\htdocs\cake\app\webroot\index.php(92): Dispatcher->dispatch(Object(CakeRequest), Object(CakeResponse))
#1 {main}
2012-09-14 09:46:20 Error: [MissingControllerException] Controller class ImagesController could not be found.
#0 C:\xampp\htdocs\cake\app\webroot\index.php(92): Dispatcher->dispatch(Object(CakeRequest), Object(CakeResponse))
#1 {main}
2012-09-14 09:46:20 Error: [MissingControllerException] Controller class ImagesController could not be found.
#0 C:\xampp\htdocs\cake\app\webroot\index.php(92): Dispatcher->dispatch(Object(CakeRequest), Object(CakeResponse))
#1 {main}
2012-09-14 09:46:31 Error: [MissingControllerException] Controller class ImagesController could not be found.
#0 C:\xampp\htdocs\cake\app\webroot\index.php(92): Dispatcher->dispatch(Object(CakeRequest), Object(CakeResponse))
#1 {main}
2012-09-14 09:46:31 Error: [MissingControllerException] Controller class ImagesController could not be found.
#0 C:\xampp\htdocs\cake\app\webroot\index.php(92): Dispatcher->dispatch(Object(CakeRequest), Object(CakeResponse))
#1 {main}
2012-09-14 09:51:41 Error: [MissingControllerException] Controller class ImagesController could not be found.
#0 C:\xampp\htdocs\cake\app\webroot\index.php(92): Dispatcher->dispatch(Object(CakeRequest), Object(CakeResponse))
#1 {main}
2012-09-14 09:51:41 Error: [MissingControllerException] Controller class ImagesController could not be found.
#0 C:\xampp\htdocs\cake\app\webroot\index.php(92): Dispatcher->dispatch(Object(CakeRequest), Object(CakeResponse))
#1 {main}
2012-09-14 09:58:13 Error: [MissingViewException] View file "C:\xampp\htdocs\cake\app\View\Admin\index.ctp" is missing.
#0 C:\xampp\htdocs\cake\lib\Cake\View\View.php(472): View->_getViewFileName(NULL)
#1 C:\xampp\htdocs\cake\lib\Cake\Controller\Controller.php(957): View->render(NULL, NULL)
#2 C:\xampp\htdocs\cake\lib\Cake\Routing\Dispatcher.php(193): Controller->render()
#3 C:\xampp\htdocs\cake\lib\Cake\Routing\Dispatcher.php(161): Dispatcher->_invoke(Object(AdminController), Object(CakeRequest), Object(CakeResponse))
#4 C:\xampp\htdocs\cake\app\webroot\index.php(92): Dispatcher->dispatch(Object(CakeRequest), Object(CakeResponse))
#5 {main}
2012-09-14 10:00:23 Error: [MissingViewException] View file "C:\xampp\htdocs\cake\app\View\Admin\index.ctp" is missing.
#0 C:\xampp\htdocs\cake\lib\Cake\View\View.php(472): View->_getViewFileName(NULL)
#1 C:\xampp\htdocs\cake\lib\Cake\Controller\Controller.php(957): View->render(NULL, NULL)
#2 C:\xampp\htdocs\cake\lib\Cake\Routing\Dispatcher.php(193): Controller->render()
#3 C:\xampp\htdocs\cake\lib\Cake\Routing\Dispatcher.php(161): Dispatcher->_invoke(Object(AdminController), Object(CakeRequest), Object(CakeResponse))
#4 C:\xampp\htdocs\cake\app\webroot\index.php(92): Dispatcher->dispatch(Object(CakeRequest), Object(CakeResponse))
#5 {main}
2012-09-14 10:03:15 Error: [MissingViewException] View file "C:\xampp\htdocs\cake\app\View\Admin\index.ctp" is missing.
#0 C:\xampp\htdocs\cake\lib\Cake\View\View.php(472): View->_getViewFileName(NULL)
#1 C:\xampp\htdocs\cake\lib\Cake\Controller\Controller.php(957): View->render(NULL, NULL)
#2 C:\xampp\htdocs\cake\lib\Cake\Routing\Dispatcher.php(193): Controller->render()
#3 C:\xampp\htdocs\cake\lib\Cake\Routing\Dispatcher.php(161): Dispatcher->_invoke(Object(AdminController), Object(CakeRequest), Object(CakeResponse))
#4 C:\xampp\htdocs\cake\app\webroot\index.php(92): Dispatcher->dispatch(Object(CakeRequest), Object(CakeResponse))
#5 {main}
2012-09-14 10:03:16 Error: [MissingViewException] View file "C:\xampp\htdocs\cake\app\View\Admin\index.ctp" is missing.
#0 C:\xampp\htdocs\cake\lib\Cake\View\View.php(472): View->_getViewFileName(NULL)
#1 C:\xampp\htdocs\cake\lib\Cake\Controller\Controller.php(957): View->render(NULL, NULL)
#2 C:\xampp\htdocs\cake\lib\Cake\Routing\Dispatcher.php(193): Controller->render()
#3 C:\xampp\htdocs\cake\lib\Cake\Routing\Dispatcher.php(161): Dispatcher->_invoke(Object(AdminController), Object(CakeRequest), Object(CakeResponse))
#4 C:\xampp\htdocs\cake\app\webroot\index.php(92): Dispatcher->dispatch(Object(CakeRequest), Object(CakeResponse))
#5 {main}
2012-09-14 10:04:17 Error: [MissingViewException] View file "C:\xampp\htdocs\cake\app\View\Admin\index.ctp" is missing.
#0 C:\xampp\htdocs\cake\lib\Cake\View\View.php(472): View->_getViewFileName(NULL)
#1 C:\xampp\htdocs\cake\lib\Cake\Controller\Controller.php(957): View->render(NULL, NULL)
#2 C:\xampp\htdocs\cake\lib\Cake\Routing\Dispatcher.php(193): Controller->render()
#3 C:\xampp\htdocs\cake\lib\Cake\Routing\Dispatcher.php(161): Dispatcher->_invoke(Object(AdminController), Object(CakeRequest), Object(CakeResponse))
#4 C:\xampp\htdocs\cake\app\webroot\index.php(92): Dispatcher->dispatch(Object(CakeRequest), Object(CakeResponse))
#5 {main}
2012-09-14 10:09:25 Error: [MissingViewException] View file "C:\xampp\htdocs\cake\app\View\Admin\index.ctp" is missing.
#0 C:\xampp\htdocs\cake\lib\Cake\View\View.php(472): View->_getViewFileName(NULL)
#1 C:\xampp\htdocs\cake\lib\Cake\Controller\Controller.php(957): View->render(NULL, NULL)
#2 C:\xampp\htdocs\cake\lib\Cake\Routing\Dispatcher.php(193): Controller->render()
#3 C:\xampp\htdocs\cake\lib\Cake\Routing\Dispatcher.php(161): Dispatcher->_invoke(Object(AdminController), Object(CakeRequest), Object(CakeResponse))
#4 C:\xampp\htdocs\cake\app\webroot\index.php(92): Dispatcher->dispatch(Object(CakeRequest), Object(CakeResponse))
#5 {main}
2012-09-14 10:09:34 Error: [MissingViewException] View file "C:\xampp\htdocs\cake\app\View\Admin\hello_world.ctp" is missing.
#0 C:\xampp\htdocs\cake\lib\Cake\View\View.php(472): View->_getViewFileName(NULL)
#1 C:\xampp\htdocs\cake\lib\Cake\Controller\Controller.php(957): View->render(NULL, NULL)
#2 C:\xampp\htdocs\cake\lib\Cake\Routing\Dispatcher.php(193): Controller->render()
#3 C:\xampp\htdocs\cake\lib\Cake\Routing\Dispatcher.php(161): Dispatcher->_invoke(Object(AdminController), Object(CakeRequest), Object(CakeResponse))
#4 C:\xampp\htdocs\cake\app\webroot\index.php(92): Dispatcher->dispatch(Object(CakeRequest), Object(CakeResponse))
#5 {main}
2012-09-14 10:10:50 Error: [MissingViewException] View file "C:\xampp\htdocs\cake\app\View\Admin\hello_world.ctp" is missing.
#0 C:\xampp\htdocs\cake\lib\Cake\View\View.php(472): View->_getViewFileName(NULL)
#1 C:\xampp\htdocs\cake\lib\Cake\Controller\Controller.php(957): View->render(NULL, NULL)
#2 C:\xampp\htdocs\cake\lib\Cake\Routing\Dispatcher.php(193): Controller->render()
#3 C:\xampp\htdocs\cake\lib\Cake\Routing\Dispatcher.php(161): Dispatcher->_invoke(Object(AdminController), Object(CakeRequest), Object(CakeResponse))
#4 C:\xampp\htdocs\cake\app\webroot\index.php(92): Dispatcher->dispatch(Object(CakeRequest), Object(CakeResponse))
#5 {main}
2012-09-14 10:11:39 Error: [MissingControllerException] Controller class AdminsController could not be found.
#0 C:\xampp\htdocs\cake\app\webroot\index.php(92): Dispatcher->dispatch(Object(CakeRequest), Object(CakeResponse))
#1 {main}
2012-09-14 10:14:04 Error: [MissingControllerException] Controller class AdminsController could not be found.
#0 C:\xampp\htdocs\cake\app\webroot\index.php(92): Dispatcher->dispatch(Object(CakeRequest), Object(CakeResponse))
#1 {main}
2012-09-14 10:14:42 Error: [MissingViewException] View file "C:\xampp\htdocs\cake\app\View\Admin\index.ctp" is missing.
#0 C:\xampp\htdocs\cake\lib\Cake\View\View.php(472): View->_getViewFileName(NULL)
#1 C:\xampp\htdocs\cake\lib\Cake\Controller\Controller.php(957): View->render(NULL, NULL)
#2 C:\xampp\htdocs\cake\lib\Cake\Routing\Dispatcher.php(193): Controller->render()
#3 C:\xampp\htdocs\cake\lib\Cake\Routing\Dispatcher.php(161): Dispatcher->_invoke(Object(AdminsController), Object(CakeRequest), Object(CakeResponse))
#4 C:\xampp\htdocs\cake\app\webroot\index.php(92): Dispatcher->dispatch(Object(CakeRequest), Object(CakeResponse))
#5 {main}
2012-09-14 10:14:43 Error: [MissingViewException] View file "C:\xampp\htdocs\cake\app\View\Admin\index.ctp" is missing.
#0 C:\xampp\htdocs\cake\lib\Cake\View\View.php(472): View->_getViewFileName(NULL)
#1 C:\xampp\htdocs\cake\lib\Cake\Controller\Controller.php(957): View->render(NULL, NULL)
#2 C:\xampp\htdocs\cake\lib\Cake\Routing\Dispatcher.php(193): Controller->render()
#3 C:\xampp\htdocs\cake\lib\Cake\Routing\Dispatcher.php(161): Dispatcher->_invoke(Object(AdminsController), Object(CakeRequest), Object(CakeResponse))
#4 C:\xampp\htdocs\cake\app\webroot\index.php(92): Dispatcher->dispatch(Object(CakeRequest), Object(CakeResponse))
#5 {main}
2012-09-14 10:14:51 Error: [MissingViewException] View file "C:\xampp\htdocs\cake\app\View\Admin\hello_world.ctp" is missing.
#0 C:\xampp\htdocs\cake\lib\Cake\View\View.php(472): View->_getViewFileName(NULL)
#1 C:\xampp\htdocs\cake\lib\Cake\Controller\Controller.php(957): View->render(NULL, NULL)
#2 C:\xampp\htdocs\cake\lib\Cake\Routing\Dispatcher.php(193): Controller->render()
#3 C:\xampp\htdocs\cake\lib\Cake\Routing\Dispatcher.php(161): Dispatcher->_invoke(Object(AdminsController), Object(CakeRequest), Object(CakeResponse))
#4 C:\xampp\htdocs\cake\app\webroot\index.php(92): Dispatcher->dispatch(Object(CakeRequest), Object(CakeResponse))
#5 {main}
2012-09-14 10:15:29 Error: [MissingActionException] Action AdminController::hello_world() could not be found.
#0 C:\xampp\htdocs\cake\lib\Cake\Routing\Dispatcher.php(186): Controller->invokeAction(Object(CakeRequest))
#1 C:\xampp\htdocs\cake\lib\Cake\Routing\Dispatcher.php(161): Dispatcher->_invoke(Object(AdminsController), Object(CakeRequest), Object(CakeResponse))
#2 C:\xampp\htdocs\cake\app\webroot\index.php(92): Dispatcher->dispatch(Object(CakeRequest), Object(CakeResponse))
#3 {main}
2012-09-14 10:15:33 Error: [MissingViewException] View file "C:\xampp\htdocs\cake\app\View\Admin\hello_worlds.ctp" is missing.
#0 C:\xampp\htdocs\cake\lib\Cake\View\View.php(472): View->_getViewFileName(NULL)
#1 C:\xampp\htdocs\cake\lib\Cake\Controller\Controller.php(957): View->render(NULL, NULL)
#2 C:\xampp\htdocs\cake\lib\Cake\Routing\Dispatcher.php(193): Controller->render()
#3 C:\xampp\htdocs\cake\lib\Cake\Routing\Dispatcher.php(161): Dispatcher->_invoke(Object(AdminsController), Object(CakeRequest), Object(CakeResponse))
#4 C:\xampp\htdocs\cake\app\webroot\index.php(92): Dispatcher->dispatch(Object(CakeRequest), Object(CakeResponse))
#5 {main}
2012-09-14 10:15:54 Error: [MissingViewException] View file "C:\xampp\htdocs\cake\app\View\Admins\index.ctp" is missing.
#0 C:\xampp\htdocs\cake\lib\Cake\View\View.php(472): View->_getViewFileName(NULL)
#1 C:\xampp\htdocs\cake\lib\Cake\Controller\Controller.php(957): View->render(NULL, NULL)
#2 C:\xampp\htdocs\cake\lib\Cake\Routing\Dispatcher.php(193): Controller->render()
#3 C:\xampp\htdocs\cake\lib\Cake\Routing\Dispatcher.php(161): Dispatcher->_invoke(Object(AdminsController), Object(CakeRequest), Object(CakeResponse))
#4 C:\xampp\htdocs\cake\app\webroot\index.php(92): Dispatcher->dispatch(Object(CakeRequest), Object(CakeResponse))
#5 {main}
2012-09-14 10:16:47 Error: [MissingViewException] View file "C:\xampp\htdocs\cake\app\View\Admins\index.ctp" is missing.
#0 C:\xampp\htdocs\cake\lib\Cake\View\View.php(472): View->_getViewFileName(NULL)
#1 C:\xampp\htdocs\cake\lib\Cake\Controller\Controller.php(957): View->render(NULL, NULL)
#2 C:\xampp\htdocs\cake\lib\Cake\Routing\Dispatcher.php(193): Controller->render()
#3 C:\xampp\htdocs\cake\lib\Cake\Routing\Dispatcher.php(161): Dispatcher->_invoke(Object(AdminsController), Object(CakeRequest), Object(CakeResponse))
#4 C:\xampp\htdocs\cake\app\webroot\index.php(92): Dispatcher->dispatch(Object(CakeRequest), Object(CakeResponse))
#5 {main}
2012-09-14 10:17:43 Error: [MissingViewException] View file "C:\xampp\htdocs\cake\app\View\Admins\index.ctp" is missing.
#0 C:\xampp\htdocs\cake\lib\Cake\View\View.php(472): View->_getViewFileName(NULL)
#1 C:\xampp\htdocs\cake\lib\Cake\Controller\Controller.php(957): View->render(NULL, NULL)
#2 C:\xampp\htdocs\cake\lib\Cake\Routing\Dispatcher.php(193): Controller->render()
#3 C:\xampp\htdocs\cake\lib\Cake\Routing\Dispatcher.php(161): Dispatcher->_invoke(Object(AdminsController), Object(CakeRequest), Object(CakeResponse))
#4 C:\xampp\htdocs\cake\app\webroot\index.php(92): Dispatcher->dispatch(Object(CakeRequest), Object(CakeResponse))
#5 {main}
2012-09-14 10:22:01 Error: [MissingViewException] View file "C:\xampp\htdocs\cake\app\View\Admins\index.ctp" is missing.
#0 C:\xampp\htdocs\cake\lib\Cake\View\View.php(472): View->_getViewFileName(NULL)
#1 C:\xampp\htdocs\cake\lib\Cake\Controller\Controller.php(957): View->render(NULL, NULL)
#2 C:\xampp\htdocs\cake\lib\Cake\Routing\Dispatcher.php(193): Controller->render()
#3 C:\xampp\htdocs\cake\lib\Cake\Routing\Dispatcher.php(161): Dispatcher->_invoke(Object(AdminsController), Object(CakeRequest), Object(CakeResponse))
#4 C:\xampp\htdocs\cake\app\webroot\index.php(92): Dispatcher->dispatch(Object(CakeRequest), Object(CakeResponse))
#5 {main}
2012-09-14 10:23:37 Error: [MissingActionException] Action AdminsController::hello_world() could not be found.
#0 C:\xampp\htdocs\cake\lib\Cake\Routing\Dispatcher.php(186): Controller->invokeAction(Object(CakeRequest))
#1 C:\xampp\htdocs\cake\lib\Cake\Routing\Dispatcher.php(161): Dispatcher->_invoke(Object(AdminsController), Object(CakeRequest), Object(CakeResponse))
#2 C:\xampp\htdocs\cake\app\webroot\index.php(92): Dispatcher->dispatch(Object(CakeRequest), Object(CakeResponse))
#3 {main}
2012-09-14 10:25:04 Error: [MissingActionException] Action AdminsController::hello_worlds() could not be found.
#0 C:\xampp\htdocs\cake\lib\Cake\Routing\Dispatcher.php(186): Controller->invokeAction(Object(CakeRequest))
#1 C:\xampp\htdocs\cake\lib\Cake\Routing\Dispatcher.php(161): Dispatcher->_invoke(Object(AdminsController), Object(CakeRequest), Object(CakeResponse))
#2 C:\xampp\htdocs\cake\app\webroot\index.php(92): Dispatcher->dispatch(Object(CakeRequest), Object(CakeResponse))
#3 {main}
2012-09-14 10:25:09 Error: [MissingActionException] Action AdminsController::hello_worlds() could not be found.
#0 C:\xampp\htdocs\cake\lib\Cake\Routing\Dispatcher.php(186): Controller->invokeAction(Object(CakeRequest))
#1 C:\xampp\htdocs\cake\lib\Cake\Routing\Dispatcher.php(161): Dispatcher->_invoke(Object(AdminsController), Object(CakeRequest), Object(CakeResponse))
#2 C:\xampp\htdocs\cake\app\webroot\index.php(92): Dispatcher->dispatch(Object(CakeRequest), Object(CakeResponse))
#3 {main}
2012-09-14 10:25:24 Error: [MissingActionException] Action AdminsController::hello_worlds() could not be found.
#0 C:\xampp\htdocs\cake\lib\Cake\Routing\Dispatcher.php(186): Controller->invokeAction(Object(CakeRequest))
#1 C:\xampp\htdocs\cake\lib\Cake\Routing\Dispatcher.php(161): Dispatcher->_invoke(Object(AdminsController), Object(CakeRequest), Object(CakeResponse))
#2 C:\xampp\htdocs\cake\app\webroot\index.php(92): Dispatcher->dispatch(Object(CakeRequest), Object(CakeResponse))
#3 {main}
2012-09-14 10:25:25 Error: [MissingActionException] Action AdminsController::hello_worlds() could not be found.
#0 C:\xampp\htdocs\cake\lib\Cake\Routing\Dispatcher.php(186): Controller->invokeAction(Object(CakeRequest))
#1 C:\xampp\htdocs\cake\lib\Cake\Routing\Dispatcher.php(161): Dispatcher->_invoke(Object(AdminsController), Object(CakeRequest), Object(CakeResponse))
#2 C:\xampp\htdocs\cake\app\webroot\index.php(92): Dispatcher->dispatch(Object(CakeRequest), Object(CakeResponse))
#3 {main}
2012-09-14 10:25:38 Error: [MissingControllerException] Controller class AdminseController could not be found.
#0 C:\xampp\htdocs\cake\app\webroot\index.php(92): Dispatcher->dispatch(Object(CakeRequest), Object(CakeResponse))
#1 {main}
2012-09-14 10:25:52 Error: [MissingControllerException] Controller class AdminseController could not be found.
#0 C:\xampp\htdocs\cake\app\webroot\index.php(92): Dispatcher->dispatch(Object(CakeRequest), Object(CakeResponse))
#1 {main}
2012-09-14 10:30:42 Error: [MissingControllerException] Controller class AdminseController could not be found.
#0 C:\xampp\htdocs\cake\app\webroot\index.php(92): Dispatcher->dispatch(Object(CakeRequest), Object(CakeResponse))
#1 {main}
2012-09-14 10:36:35 Error: [MissingControllerException] Controller class AdminseController could not be found.
#0 C:\xampp\htdocs\cake\app\webroot\index.php(92): Dispatcher->dispatch(Object(CakeRequest), Object(CakeResponse))
#1 {main}
2012-09-14 10:36:36 Error: [MissingControllerException] Controller class AdminseController could not be found.
#0 C:\xampp\htdocs\cake\app\webroot\index.php(92): Dispatcher->dispatch(Object(CakeRequest), Object(CakeResponse))
#1 {main}
2012-09-14 10:36:42 Error: [MissingControllerException] Controller class AdminController could not be found.
#0 C:\xampp\htdocs\cake\app\webroot\index.php(92): Dispatcher->dispatch(Object(CakeRequest), Object(CakeResponse))
#1 {main}
2012-09-14 10:36:59 Error: [MissingControllerException] Controller class AdminController could not be found.
#0 C:\xampp\htdocs\cake\app\webroot\index.php(92): Dispatcher->dispatch(Object(CakeRequest), Object(CakeResponse))
#1 {main}
2012-09-14 10:37:00 Error: [MissingControllerException] Controller class AdminController could not be found.
#0 C:\xampp\htdocs\cake\app\webroot\index.php(92): Dispatcher->dispatch(Object(CakeRequest), Object(CakeResponse))
#1 {main}
2012-09-14 10:37:41 Error: [MissingControllerException] Controller class AdminController could not be found.
#0 C:\xampp\htdocs\cake\app\webroot\index.php(92): Dispatcher->dispatch(Object(CakeRequest), Object(CakeResponse))
#1 {main}
2012-09-14 10:37:41 Error: [MissingControllerException] Controller class AdminController could not be found.
#0 C:\xampp\htdocs\cake\app\webroot\index.php(92): Dispatcher->dispatch(Object(CakeRequest), Object(CakeResponse))
#1 {main}
2012-09-14 10:37:55 Error: [MissingControllerException] Controller class AdminController could not be found.
#0 C:\xampp\htdocs\cake\app\webroot\index.php(92): Dispatcher->dispatch(Object(CakeRequest), Object(CakeResponse))
#1 {main}
2012-09-14 10:39:59 Error: [MissingControllerException] Controller class AdminsController could not be found.
#0 C:\xampp\htdocs\cake\app\webroot\index.php(92): Dispatcher->dispatch(Object(CakeRequest), Object(CakeResponse))
#1 {main}
2012-09-14 10:40:01 Error: [MissingControllerException] Controller class AdminController could not be found.
#0 C:\xampp\htdocs\cake\app\webroot\index.php(92): Dispatcher->dispatch(Object(CakeRequest), Object(CakeResponse))
#1 {main}
2012-09-14 10:40:03 Error: [MissingControllerException] Controller class AdminController could not be found.
#0 C:\xampp\htdocs\cake\app\webroot\index.php(92): Dispatcher->dispatch(Object(CakeRequest), Object(CakeResponse))
#1 {main}
2012-09-14 10:40:03 Error: [MissingControllerException] Controller class AdminController could not be found.
#0 C:\xampp\htdocs\cake\app\webroot\index.php(92): Dispatcher->dispatch(Object(CakeRequest), Object(CakeResponse))
#1 {main}
2012-09-14 10:40:11 Error: [MissingControllerException] Controller class AdminController could not be found.
#0 C:\xampp\htdocs\cake\app\webroot\index.php(92): Dispatcher->dispatch(Object(CakeRequest), Object(CakeResponse))
#1 {main}
2012-09-14 10:40:12 Error: [MissingControllerException] Controller class AdminController could not be found.
#0 C:\xampp\htdocs\cake\app\webroot\index.php(92): Dispatcher->dispatch(Object(CakeRequest), Object(CakeResponse))
#1 {main}
2012-09-14 10:40:12 Error: [MissingControllerException] Controller class AdminController could not be found.
#0 C:\xampp\htdocs\cake\app\webroot\index.php(92): Dispatcher->dispatch(Object(CakeRequest), Object(CakeResponse))
#1 {main}
2012-09-14 10:40:19 Error: [MissingControllerException] Controller class AdminController could not be found.
#0 C:\xampp\htdocs\cake\app\webroot\index.php(92): Dispatcher->dispatch(Object(CakeRequest), Object(CakeResponse))
#1 {main}
2012-09-14 10:40:20 Error: [MissingControllerException] Controller class AdminController could not be found.
#0 C:\xampp\htdocs\cake\app\webroot\index.php(92): Dispatcher->dispatch(Object(CakeRequest), Object(CakeResponse))
#1 {main}
2012-09-14 10:40:20 Error: [MissingControllerException] Controller class AdminController could not be found.
#0 C:\xampp\htdocs\cake\app\webroot\index.php(92): Dispatcher->dispatch(Object(CakeRequest), Object(CakeResponse))
#1 {main}
2012-09-14 10:40:20 Error: [MissingControllerException] Controller class AdminController could not be found.
#0 C:\xampp\htdocs\cake\app\webroot\index.php(92): Dispatcher->dispatch(Object(CakeRequest), Object(CakeResponse))
#1 {main}
2012-09-14 10:40:21 Error: [MissingControllerException] Controller class AdminController could not be found.
#0 C:\xampp\htdocs\cake\app\webroot\index.php(92): Dispatcher->dispatch(Object(CakeRequest), Object(CakeResponse))
#1 {main}
2012-09-14 10:40:21 Error: [MissingControllerException] Controller class AdminController could not be found.
#0 C:\xampp\htdocs\cake\app\webroot\index.php(92): Dispatcher->dispatch(Object(CakeRequest), Object(CakeResponse))
#1 {main}
2012-09-14 10:40:21 Error: [MissingControllerException] Controller class AdminController could not be found.
#0 C:\xampp\htdocs\cake\app\webroot\index.php(92): Dispatcher->dispatch(Object(CakeRequest), Object(CakeResponse))
#1 {main}
2012-09-14 10:40:21 Error: [MissingControllerException] Controller class AdminController could not be found.
#0 C:\xampp\htdocs\cake\app\webroot\index.php(92): Dispatcher->dispatch(Object(CakeRequest), Object(CakeResponse))
#1 {main}
2012-09-14 10:40:22 Error: [MissingControllerException] Controller class AdminController could not be found.
#0 C:\xampp\htdocs\cake\app\webroot\index.php(92): Dispatcher->dispatch(Object(CakeRequest), Object(CakeResponse))
#1 {main}
2012-09-14 10:40:42 Error: [MissingControllerException] Controller class AdminController could not be found.
#0 C:\xampp\htdocs\cake\app\webroot\index.php(92): Dispatcher->dispatch(Object(CakeRequest), Object(CakeResponse))
#1 {main}
2012-09-14 10:40:43 Error: [MissingControllerException] Controller class AdminController could not be found.
#0 C:\xampp\htdocs\cake\app\webroot\index.php(92): Dispatcher->dispatch(Object(CakeRequest), Object(CakeResponse))
#1 {main}
2012-09-14 10:41:27 Error: [MissingControllerException] Controller class AdminController could not be found.
#0 C:\xampp\htdocs\cake\app\webroot\index.php(92): Dispatcher->dispatch(Object(CakeRequest), Object(CakeResponse))
#1 {main}
2012-09-14 10:41:28 Error: [MissingControllerException] Controller class AdminController could not be found.
#0 C:\xampp\htdocs\cake\app\webroot\index.php(92): Dispatcher->dispatch(Object(CakeRequest), Object(CakeResponse))
#1 {main}
2012-09-17 12:53:14 Error: [MissingControllerException] Controller class FontsController could not be found.
#0 C:\xampp\htdocs\cake\app\webroot\index.php(92): Dispatcher->dispatch(Object(CakeRequest), Object(CakeResponse))
#1 {main}
2012-09-17 12:53:14 Error: [MissingControllerException] Controller class FontsController could not be found.
#0 C:\xampp\htdocs\cake\app\webroot\index.php(92): Dispatcher->dispatch(Object(CakeRequest), Object(CakeResponse))
#1 {main}
2012-09-17 12:53:14 Error: [MissingControllerException] Controller class FontsController could not be found.
#0 C:\xampp\htdocs\cake\app\webroot\index.php(92): Dispatcher->dispatch(Object(CakeRequest), Object(CakeResponse))
#1 {main}
2012-10-04 07:05:24 Error: [MissingControllerException] Controller class FontsController could not be found.
#0 C:\xampp\htdocs\cake\app\webroot\index.php(92): Dispatcher->dispatch(Object(CakeRequest), Object(CakeResponse))
#1 {main}
2012-10-04 07:05:24 Error: [MissingControllerException] Controller class FontsController could not be found.
#0 C:\xampp\htdocs\cake\app\webroot\index.php(92): Dispatcher->dispatch(Object(CakeRequest), Object(CakeResponse))
#1 {main}
2012-10-04 07:05:24 Error: [MissingControllerException] Controller class FontsController could not be found.
#0 C:\xampp\htdocs\cake\app\webroot\index.php(92): Dispatcher->dispatch(Object(CakeRequest), Object(CakeResponse))
#1 {main}
2012-11-26 03:05:35 Error: [MissingControllerException] Controller class FontsController could not be found.
#0 C:\xampp\htdocs\cake\app\webroot\index.php(92): Dispatcher->dispatch(Object(CakeRequest), Object(CakeResponse))
#1 {main}
2012-11-26 03:05:35 Error: [MissingControllerException] Controller class FontsController could not be found.
#0 C:\xampp\htdocs\cake\app\webroot\index.php(92): Dispatcher->dispatch(Object(CakeRequest), Object(CakeResponse))
#1 {main}
2012-11-26 03:05:36 Error: [MissingControllerException] Controller class FontsController could not be found.
#0 C:\xampp\htdocs\cake\app\webroot\index.php(92): Dispatcher->dispatch(Object(CakeRequest), Object(CakeResponse))
#1 {main}
2013-05-23 13:43:48 Error: [MissingControllerException] Controller class CssController could not be found.
#0 /var/www/srms/app/webroot/index.php(92): Dispatcher->dispatch(Object(CakeRequest), Object(CakeResponse))
#1 /var/www/srms/index.php(42): require('/var/www/srms/a...')
#2 {main}
2013-05-23 13:43:48 Error: [MissingControllerException] Controller class ImgController could not be found.
#0 /var/www/srms/app/webroot/index.php(92): Dispatcher->dispatch(Object(CakeRequest), Object(CakeResponse))
#1 /var/www/srms/index.php(42): require('/var/www/srms/a...')
#2 {main}
2013-05-23 13:43:55 Error: [MissingControllerException] Controller class Favicon.icoController could not be found.
#0 /var/www/srms/app/webroot/index.php(92): Dispatcher->dispatch(Object(CakeRequest), Object(CakeResponse))
#1 /var/www/srms/index.php(42): require('/var/www/srms/a...')
#2 {main}
2013-05-23 13:49:36 Error: [MissingControllerException] Controller class Favicon.icoController could not be found.
#0 /var/www/srms/app/webroot/index.php(92): Dispatcher->dispatch(Object(CakeRequest), Object(CakeResponse))
#1 /var/www/srms/index.php(42): require('/var/www/srms/a...')
#2 {main}
2013-05-23 13:49:37 Error: [MissingControllerException] Controller class Favicon.icoController could not be found.
#0 /var/www/srms/app/webroot/index.php(92): Dispatcher->dispatch(Object(CakeRequest), Object(CakeResponse))
#1 /var/www/srms/index.php(42): require('/var/www/srms/a...')
#2 {main}
2013-05-23 13:49:38 Error: [MissingControllerException] Controller class CssController could not be found.
#0 /var/www/srms/app/webroot/index.php(92): Dispatcher->dispatch(Object(CakeRequest), Object(CakeResponse))
#1 /var/www/srms/index.php(42): require('/var/www/srms/a...')
#2 {main}
2013-05-23 13:49:38 Error: [MissingControllerException] Controller class ImgController could not be found.
#0 /var/www/srms/app/webroot/index.php(92): Dispatcher->dispatch(Object(CakeRequest), Object(CakeResponse))
#1 /var/www/srms/index.php(42): require('/var/www/srms/a...')
#2 {main}
2013-05-23 13:49:38 Error: [MissingControllerException] Controller class Favicon.icoController could not be found.
#0 /var/www/srms/app/webroot/index.php(92): Dispatcher->dispatch(Object(CakeRequest), Object(CakeResponse))
#1 /var/www/srms/index.php(42): require('/var/www/srms/a...')
#2 {main}
2013-05-23 13:49:38 Error: [MissingControllerException] Controller class CssController could not be found.
#0 /var/www/srms/app/webroot/index.php(92): Dispatcher->dispatch(Object(CakeRequest), Object(CakeResponse))
#1 /var/www/srms/index.php(42): require('/var/www/srms/a...')
#2 {main}
2013-05-23 13:49:38 Error: [MissingControllerException] Controller class ImgController could not be found.
#0 /var/www/srms/app/webroot/index.php(92): Dispatcher->dispatch(Object(CakeRequest), Object(CakeResponse))
#1 /var/www/srms/index.php(42): require('/var/www/srms/a...')
#2 {main}
2013-05-23 13:49:38 Error: [MissingControllerException] Controller class Favicon.icoController could not be found.
#0 /var/www/srms/app/webroot/index.php(92): Dispatcher->dispatch(Object(CakeRequest), Object(CakeResponse))
#1 /var/www/srms/index.php(42): require('/var/www/srms/a...')
#2 {main}
2013-05-23 13:49:38 Error: [MissingControllerException] Controller class CssController could not be found.
#0 /var/www/srms/app/webroot/index.php(92): Dispatcher->dispatch(Object(CakeRequest), Object(CakeResponse))
#1 /var/www/srms/index.php(42): require('/var/www/srms/a...')
#2 {main}
2013-05-23 13:49:38 Error: [MissingControllerException] Controller class ImgController could not be found.
#0 /var/www/srms/app/webroot/index.php(92): Dispatcher->dispatch(Object(CakeRequest), Object(CakeResponse))
#1 /var/www/srms/index.php(42): require('/var/www/srms/a...')
#2 {main}
2013-05-23 13:49:38 Error: [MissingControllerException] Controller class Favicon.icoController could not be found.
#0 /var/www/srms/app/webroot/index.php(92): Dispatcher->dispatch(Object(CakeRequest), Object(CakeResponse))
#1 /var/www/srms/index.php(42): require('/var/www/srms/a...')
#2 {main}
2013-05-23 13:55:53 Error: [MissingControllerException] Controller class CssController could not be found.
#0 /var/www/srms/app/webroot/index.php(92): Dispatcher->dispatch(Object(CakeRequest), Object(CakeResponse))
#1 /var/www/srms/index.php(42): require('/var/www/srms/a...')
#2 {main}
2013-05-23 13:55:53 Error: [MissingControllerException] Controller class ImgController could not be found.
#0 /var/www/srms/app/webroot/index.php(92): Dispatcher->dispatch(Object(CakeRequest), Object(CakeResponse))
#1 /var/www/srms/index.php(42): require('/var/www/srms/a...')
#2 {main}
2013-05-23 13:55:54 Error: [MissingControllerException] Controller class Favicon.icoController could not be found.
#0 /var/www/srms/app/webroot/index.php(92): Dispatcher->dispatch(Object(CakeRequest), Object(CakeResponse))
#1 /var/www/srms/index.php(42): require('/var/www/srms/a...')
#2 {main}
2013-05-23 13:55:55 Error: [MissingControllerException] Controller class CssController could not be found.
#0 /var/www/srms/app/webroot/index.php(92): Dispatcher->dispatch(Object(CakeRequest), Object(CakeResponse))
#1 /var/www/srms/index.php(42): require('/var/www/srms/a...')
#2 {main}
2013-05-23 13:55:55 Error: [MissingControllerException] Controller class ImgController could not be found.
#0 /var/www/srms/app/webroot/index.php(92): Dispatcher->dispatch(Object(CakeRequest), Object(CakeResponse))
#1 /var/www/srms/index.php(42): require('/var/www/srms/a...')
#2 {main}
2013-05-23 13:55:55 Error: [MissingControllerException] Controller class Favicon.icoController could not be found.
#0 /var/www/srms/app/webroot/index.php(92): Dispatcher->dispatch(Object(CakeRequest), Object(CakeResponse))
#1 /var/www/srms/index.php(42): require('/var/www/srms/a...')
#2 {main}
2013-05-23 13:55:55 Error: [MissingControllerException] Controller class ImgController could not be found.
#0 /var/www/srms/app/webroot/index.php(92): Dispatcher->dispatch(Object(CakeRequest), Object(CakeResponse))
#1 /var/www/srms/index.php(42): require('/var/www/srms/a...')
#2 {main}
2013-05-23 13:55:55 Error: [MissingControllerException] Controller class CssController could not be found.
#0 /var/www/srms/app/webroot/index.php(92): Dispatcher->dispatch(Object(CakeRequest), Object(CakeResponse))
#1 /var/www/srms/index.php(42): require('/var/www/srms/a...')
#2 {main}
2013-05-23 13:55:55 Error: [MissingControllerException] Controller class Favicon.icoController could not be found.
#0 /var/www/srms/app/webroot/index.php(92): Dispatcher->dispatch(Object(CakeRequest), Object(CakeResponse))
#1 /var/www/srms/index.php(42): require('/var/www/srms/a...')
#2 {main}
2013-05-23 13:55:55 Error: [MissingControllerException] Controller class ImgController could not be found.
#0 /var/www/srms/app/webroot/index.php(92): Dispatcher->dispatch(Object(CakeRequest), Object(CakeResponse))
#1 /var/www/srms/index.php(42): require('/var/www/srms/a...')
#2 {main}
2013-05-23 13:55:55 Error: [MissingControllerException] Controller class CssController could not be found.
#0 /var/www/srms/app/webroot/index.php(92): Dispatcher->dispatch(Object(CakeRequest), Object(CakeResponse))
#1 /var/www/srms/index.php(42): require('/var/www/srms/a...')
#2 {main}
2013-05-23 13:55:55 Error: [MissingControllerException] Controller class Favicon.icoController could not be found.
#0 /var/www/srms/app/webroot/index.php(92): Dispatcher->dispatch(Object(CakeRequest), Object(CakeResponse))
#1 /var/www/srms/index.php(42): require('/var/www/srms/a...')
#2 {main}
2013-05-23 14:23:26 Error: [MissingControllerException] Controller class CssController could not be found.
#0 /var/www/srms/app/webroot/index.php(92): Dispatcher->dispatch(Object(CakeRequest), Object(CakeResponse))
#1 /var/www/srms/index.php(42): require('/var/www/srms/a...')
#2 {main}
2013-05-23 14:23:26 Error: [MissingControllerException] Controller class ImgController could not be found.
#0 /var/www/srms/app/webroot/index.php(92): Dispatcher->dispatch(Object(CakeRequest), Object(CakeResponse))
#1 /var/www/srms/index.php(42): require('/var/www/srms/a...')
#2 {main}
2013-05-23 14:23:26 Error: [MissingControllerException] Controller class Favicon.icoController could not be found.
#0 /var/www/srms/app/webroot/index.php(92): Dispatcher->dispatch(Object(CakeRequest), Object(CakeResponse))
#1 /var/www/srms/index.php(42): require('/var/www/srms/a...')
#2 {main}
2013-05-23 14:23:30 Error: [MissingControllerException] Controller class CssController could not be found.
#0 /var/www/srms/app/webroot/index.php(92): Dispatcher->dispatch(Object(CakeRequest), Object(CakeResponse))
#1 /var/www/srms/index.php(42): require('/var/www/srms/a...')
#2 {main}
2013-05-23 14:23:30 Error: [MissingControllerException] Controller class ImgController could not be found.
#0 /var/www/srms/app/webroot/index.php(92): Dispatcher->dispatch(Object(CakeRequest), Object(CakeResponse))
#1 /var/www/srms/index.php(42): require('/var/www/srms/a...')
#2 {main}
2013-05-23 14:23:30 Error: [MissingControllerException] Controller class Favicon.icoController could not be found.
#0 /var/www/srms/app/webroot/index.php(92): Dispatcher->dispatch(Object(CakeRequest), Object(CakeResponse))
#1 /var/www/srms/index.php(42): require('/var/www/srms/a...')
#2 {main}
2013-05-23 14:23:41 Error: [MissingControllerException] Controller class CssController could not be found.
#0 /var/www/srms/app/webroot/index.php(92): Dispatcher->dispatch(Object(CakeRequest), Object(CakeResponse))
#1 /var/www/srms/index.php(42): require('/var/www/srms/a...')
#2 {main}
2013-05-23 14:23:41 Error: [MissingControllerException] Controller class ImgController could not be found.
#0 /var/www/srms/app/webroot/index.php(92): Dispatcher->dispatch(Object(CakeRequest), Object(CakeResponse))
#1 /var/www/srms/index.php(42): require('/var/www/srms/a...')
#2 {main}
2013-05-23 14:23:41 Error: [MissingControllerException] Controller class Favicon.icoController could not be found.
#0 /var/www/srms/app/webroot/index.php(92): Dispatcher->dispatch(Object(CakeRequest), Object(CakeResponse))
#1 /var/www/srms/index.php(42): require('/var/www/srms/a...')
#2 {main}
2013-05-23 14:30:40 Error: [MissingControllerException] Controller class CssController could not be found.
#0 /var/www/srms/app/webroot/index.php(92): Dispatcher->dispatch(Object(CakeRequest), Object(CakeResponse))
#1 /var/www/srms/index.php(42): require('/var/www/srms/a...')
#2 {main}
2013-05-23 14:30:40 Error: [MissingControllerException] Controller class ImgController could not be found.
#0 /var/www/srms/app/webroot/index.php(92): Dispatcher->dispatch(Object(CakeRequest), Object(CakeResponse))
#1 /var/www/srms/index.php(42): require('/var/www/srms/a...')
#2 {main}
2013-05-23 14:30:40 Error: [MissingControllerException] Controller class Favicon.icoController could not be found.
#0 /var/www/srms/app/webroot/index.php(92): Dispatcher->dispatch(Object(CakeRequest), Object(CakeResponse))
#1 /var/www/srms/index.php(42): require('/var/www/srms/a...')
#2 {main}
2013-05-23 14:30:51 Error: [MissingControllerException] Controller class AsdfController could not be found.
#0 /var/www/srms/app/webroot/index.php(92): Dispatcher->dispatch(Object(CakeRequest), Object(CakeResponse))
#1 /var/www/srms/index.php(42): require('/var/www/srms/a...')
#2 {main}
2013-05-23 14:30:51 Error: [MissingControllerException] Controller class CssController could not be found.
#0 /var/www/srms/app/webroot/index.php(92): Dispatcher->dispatch(Object(CakeRequest), Object(CakeResponse))
#1 /var/www/srms/index.php(42): require('/var/www/srms/a...')
#2 {main}
2013-05-23 14:30:51 Error: [MissingControllerException] Controller class ImgController could not be found.
#0 /var/www/srms/app/webroot/index.php(92): Dispatcher->dispatch(Object(CakeRequest), Object(CakeResponse))
#1 /var/www/srms/index.php(42): require('/var/www/srms/a...')
#2 {main}
2013-05-23 14:30:51 Error: [MissingControllerException] Controller class Favicon.icoController could not be found.
#0 /var/www/srms/app/webroot/index.php(92): Dispatcher->dispatch(Object(CakeRequest), Object(CakeResponse))
#1 /var/www/srms/index.php(42): require('/var/www/srms/a...')
#2 {main}
